<?xml version="1.0" encoding="UTF-8"?>
<LexicalResource xmlns="https://globalwordnet.github.io/schemas/">
  <GlobalInformation>
    <label>Large Test WordNet</label>
    <title>Large Test Lexical Resource</title>
    <description>A large test lexical resource for preview functionality</description>
    <creator>Test User</creator>
    <date>2024-01-01</date>
    <language>en</language>
    <version>1.0</version>
  </GlobalInformation>
  <Lexicon id="test-lexicon" label="Test Lexicon" language="en">
    <LexicalEntry id="entry-1">
      <Lemma writtenForm="word1" partOfSpeech="n"/>
      <Sense id="sense-1" synset="synset-1">
        <Definition>This is definition 1</Definition>
      </Sense>
    </LexicalEntry>
    <LexicalEntry id="entry-2">
      <Lemma writtenForm="word2" partOfSpeech="n"/>
      <Sense id="sense-2" synset="synset-2">
        <Definition>This is definition 2</Definition>
      </Sense>
    </LexicalEntry>
    <LexicalEntry id="entry-3">
      <Lemma writtenForm="word3" partOfSpeech="n"/>
      <Sense id="sense-3" synset="synset-3">
        <Definition>This is definition 3</Definition>
      </Sense>
    </LexicalEntry>
    <LexicalEntry id="entry-4">
      <Lemma writtenForm="word4" partOfSpeech="n"/>
      <Sense id="sense-4" synset="synset-4">
        <Definition>This is definition 4</Definition>
      </Sense>
    </LexicalEntry>
    <LexicalEntry id="entry-5">
      <Lemma writtenForm="word5" partOfSpeech="n"/>
      <Sense id="sense-5" synset="synset-5">
        <Definition>This is definition 5</Definition>
      </Sense>
    </LexicalEntry>
    <LexicalEntry id="entry-6">
      <Lemma writtenForm="word6" partOfSpeech="n"/>
      <Sense id="sense-6" synset="synset-6">
        <Definition>This is definition 6</Definition>
      </Sense>
    </LexicalEntry>
    <LexicalEntry id="entry-7">
      <Lemma writtenForm="word7" partOfSpeech="n"/>
      <Sense id="sense-7" synset="synset-7">
        <Definition>This is definition 7</Definition>
      </Sense>
    </LexicalEntry>
    <LexicalEntry id="entry-8">
      <Lemma writtenForm="word8" partOfSpeech="n"/>
      <Sense id="sense-8" synset="synset-8">
        <Definition>This is definition 8</Definition>
      </Sense>
    </LexicalEntry>
    <LexicalEntry id="entry-9">
      <Lemma writtenForm="word9" partOfSpeech="n"/>
      <Sense id="sense-9" synset="synset-9">
        <Definition>This is definition 9</Definition>
      </Sense>
    </LexicalEntry>
    <LexicalEntry id="entry-10">
      <Lemma writtenForm="word10" partOfSpeech="n"/>
      <Sense id="sense-10" synset="synset-10">
        <Definition>This is definition 10</Definition>
      </Sense>
    </LexicalEntry>
    <LexicalEntry id="entry-11">
      <Lemma writtenForm="word11" partOfSpeech="n"/>
      <Sense id="sense-11" synset="synset-11">
        <Definition>This is definition 11</Definition>
      </Sense>
    </LexicalEntry>
    <LexicalEntry id="entry-12">
      <Lemma writtenForm="word12" partOfSpeech="n"/>
      <Sense id="sense-12" synset="synset-12">
        <Definition>This is definition 12</Definition>
      </Sense>
    </LexicalEntry>
    <LexicalEntry id="entry-13">
      <Lemma writtenForm="word13" partOfSpeech="n"/>
      <Sense id="sense-13" synset="synset-13">
        <Definition>This is definition 13</Definition>
      </Sense>
    </LexicalEntry>
    <LexicalEntry id="entry-14">
      <Lemma writtenForm="word14" partOfSpeech="n"/>
      <Sense id="sense-14" synset="synset-14">
        <Definition>This is definition 14</Definition>
      </Sense>
    </LexicalEntry>
    <LexicalEntry id="entry-15">
      <Lemma writtenForm="word15" partOfSpeech="n"/>
      <Sense id="sense-15" synset="synset-15">
        <Definition>This is definition 15</Definition>
      </Sense>
    </LexicalEntry>
    <LexicalEntry id="entry-16">
      <Lemma writtenForm="word16" partOfSpeech="n"/>
      <Sense id="sense-16" synset="synset-16">
        <Definition>This is definition 16</Definition>
      </Sense>
    </LexicalEntry>
    <LexicalEntry id="entry-17">
      <Lemma writtenForm="word17" partOfSpeech="n"/>
      <Sense id="sense-17" synset="synset-17">
        <Definition>This is definition 17</Definition>
      </Sense>
    </LexicalEntry>
    <LexicalEntry id="entry-18">
      <Lemma writtenForm="word18" partOfSpeech="n"/>
      <Sense id="sense-18" synset="synset-18">
        <Definition>This is definition 18</Definition>
      </Sense>
    </LexicalEntry>
    <LexicalEntry id="entry-19">
      <Lemma writtenForm="word19" partOfSpeech="n"/>
      <Sense id="sense-19" synset="synset-19">
        <Definition>This is definition 19</Definition>
      </Sense>
    </LexicalEntry>
    <LexicalEntry id="entry-20">
      <Lemma writtenForm="word20" partOfSpeech="n"/>
      <Sense id="sense-20" synset="synset-20">
        <Definition>This is definition 20</Definition>
      </Sense>
    </LexicalEntry>
    <LexicalEntry id="entry-21">
      <Lemma writtenForm="word21" partOfSpeech="n"/>
      <Sense id="sense-21" synset="synset-21">
        <Definition>This is definition 21</Definition>
      </Sense>
    </LexicalEntry>
    <LexicalEntry id="entry-22">
      <Lemma writtenForm="word22" partOfSpeech="n"/>
      <Sense id="sense-22" synset="synset-22">
        <Definition>This is definition 22</Definition>
      </Sense>
    </LexicalEntry>
    <LexicalEntry id="entry-23">
      <Lemma writtenForm="word23" partOfSpeech="n"/>
      <Sense id="sense-23" synset="synset-23">
        <Definition>This is definition 23</Definition>
      </Sense>
    </LexicalEntry>
    <LexicalEntry id="entry-24">
      <Lemma writtenForm="word24" partOfSpeech="n"/>
      <Sense id="sense-24" synset="synset-24">
        <Definition>This is definition 24</Definition>
      </Sense>
    </LexicalEntry>
    <LexicalEntry id="entry-25">
      <Lemma writtenForm="word25" partOfSpeech="n"/>
      <Sense id="sense-25" synset="synset-25">
        <Definition>This is definition 25</Definition>
      </Sense>
    </LexicalEntry>
    <LexicalEntry id="entry-26">
      <Lemma writtenForm="word26" partOfSpeech="n"/>
      <Sense id="sense-26" synset="synset-26">
        <Definition>This is definition 26</Definition>
      </Sense>
    </LexicalEntry>
    <LexicalEntry id="entry-27">
      <Lemma writtenForm="word27" partOfSpeech="n"/>
      <Sense id="sense-27" synset="synset-27">
        <Definition>This is definition 27</Definition>
      </Sense>
    </LexicalEntry>
    <LexicalEntry id="entry-28">
      <Lemma writtenForm="word28" partOfSpeech="n"/>
      <Sense id="sense-28" synset="synset-28">
        <Definition>This is definition 28</Definition>
      </Sense>
    </LexicalEntry>
    <LexicalEntry id="entry-29">
      <Lemma writtenForm="word29" partOfSpeech="n"/>
      <Sense id="sense-29" synset="synset-29">
        <Definition>This is definition 29</Definition>
      </Sense>
    </LexicalEntry>
    <LexicalEntry id="entry-30">
      <Lemma writtenForm="word30" partOfSpeech="n"/>
      <Sense id="sense-30" synset="synset-30">
        <Definition>This is definition 30</Definition>
      </Sense>
    </LexicalEntry>
    <LexicalEntry id="entry-31">
      <Lemma writtenForm="word31" partOfSpeech="n"/>
      <Sense id="sense-31" synset="synset-31">
        <Definition>This is definition 31</Definition>
      </Sense>
    </LexicalEntry>
    <LexicalEntry id="entry-32">
      <Lemma writtenForm="word32" partOfSpeech="n"/>
      <Sense id="sense-32" synset="synset-32">
        <Definition>This is definition 32</Definition>
      </Sense>
    </LexicalEntry>
    <LexicalEntry id="entry-33">
      <Lemma writtenForm="word33" partOfSpeech="n"/>
      <Sense id="sense-33" synset="synset-33">
        <Definition>This is definition 33</Definition>
      </Sense>
    </LexicalEntry>
    <LexicalEntry id="entry-34">
      <Lemma writtenForm="word34" partOfSpeech="n"/>
      <Sense id="sense-34" synset="synset-34">
        <Definition>This is definition 34</Definition>
      </Sense>
    </LexicalEntry>
    <LexicalEntry id="entry-35">
      <Lemma writtenForm="word35" partOfSpeech="n"/>
      <Sense id="sense-35" synset="synset-35">
        <Definition>This is definition 35</Definition>
      </Sense>
    </LexicalEntry>
    <LexicalEntry id="entry-36">
      <Lemma writtenForm="word36" partOfSpeech="n"/>
      <Sense id="sense-36" synset="synset-36">
        <Definition>This is definition 36</Definition>
      </Sense>
    </LexicalEntry>
    <LexicalEntry id="entry-37">
      <Lemma writtenForm="word37" partOfSpeech="n"/>
      <Sense id="sense-37" synset="synset-37">
        <Definition>This is definition 37</Definition>
      </Sense>
    </LexicalEntry>
    <LexicalEntry id="entry-38">
      <Lemma writtenForm="word38" partOfSpeech="n"/>
      <Sense id="sense-38" synset="synset-38">
        <Definition>This is definition 38</Definition>
      </Sense>
    </LexicalEntry>
    <LexicalEntry id="entry-39">
      <Lemma writtenForm="word39" partOfSpeech="n"/>
      <Sense id="sense-39" synset="synset-39">
        <Definition>This is definition 39</Definition>
      </Sense>
    </LexicalEntry>
    <LexicalEntry id="entry-40">
      <Lemma writtenForm="word40" partOfSpeech="n"/>
      <Sense id="sense-40" synset="synset-40">
        <Definition>This is definition 40</Definition>
      </Sense>
    </LexicalEntry>
    <LexicalEntry id="entry-41">
      <Lemma writtenForm="word41" partOfSpeech="n"/>
      <Sense id="sense-41" synset="synset-41">
        <Definition>This is definition 41</Definition>
      </Sense>
    </LexicalEntry>
    <LexicalEntry id="entry-42">
      <Lemma writtenForm="word42" partOfSpeech="n"/>
      <Sense id="sense-42" synset="synset-42">
        <Definition>This is definition 42</Definition>
      </Sense>
    </LexicalEntry>
    <LexicalEntry id="entry-43">
      <Lemma writtenForm="word43" partOfSpeech="n"/>
      <Sense id="sense-43" synset="synset-43">
        <Definition>This is definition 43</Definition>
      </Sense>
    </LexicalEntry>
    <LexicalEntry id="entry-44">
      <Lemma writtenForm="word44" partOfSpeech="n"/>
      <Sense id="sense-44" synset="synset-44">
        <Definition>This is definition 44</Definition>
      </Sense>
    </LexicalEntry>
    <LexicalEntry id="entry-45">
      <Lemma writtenForm="word45" partOfSpeech="n"/>
      <Sense id="sense-45" synset="synset-45">
        <Definition>This is definition 45</Definition>
      </Sense>
    </LexicalEntry>
    <LexicalEntry id="entry-46">
      <Lemma writtenForm="word46" partOfSpeech="n"/>
      <Sense id="sense-46" synset="synset-46">
        <Definition>This is definition 46</Definition>
      </Sense>
    </LexicalEntry>
    <LexicalEntry id="entry-47">
      <Lemma writtenForm="word47" partOfSpeech="n"/>
      <Sense id="sense-47" synset="synset-47">
        <Definition>This is definition 47</Definition>
      </Sense>
    </LexicalEntry>
    <LexicalEntry id="entry-48">
      <Lemma writtenForm="word48" partOfSpeech="n"/>
      <Sense id="sense-48" synset="synset-48">
        <Definition>This is definition 48</Definition>
      </Sense>
    </LexicalEntry>
    <LexicalEntry id="entry-49">
      <Lemma writtenForm="word49" partOfSpeech="n"/>
      <Sense id="sense-49" synset="synset-49">
        <Definition>This is definition 49</Definition>
      </Sense>
    </LexicalEntry>
    <LexicalEntry id="entry-50">
      <Lemma writtenForm="word50" partOfSpeech="n"/>
      <Sense id="sense-50" synset="synset-50">
        <Definition>This is definition 50</Definition>
      </Sense>
    </LexicalEntry>
    <LexicalEntry id="entry-51">
      <Lemma writtenForm="word51" partOfSpeech="n"/>
      <Sense id="sense-51" synset="synset-51">
        <Definition>This is definition 51</Definition>
      </Sense>
    </LexicalEntry>
    <LexicalEntry id="entry-52">
      <Lemma writtenForm="word52" partOfSpeech="n"/>
      <Sense id="sense-52" synset="synset-52">
        <Definition>This is definition 52</Definition>
      </Sense>
    </LexicalEntry>
    <LexicalEntry id="entry-53">
      <Lemma writtenForm="word53" partOfSpeech="n"/>
      <Sense id="sense-53" synset="synset-53">
        <Definition>This is definition 53</Definition>
      </Sense>
    </LexicalEntry>
    <LexicalEntry id="entry-54">
      <Lemma writtenForm="word54" partOfSpeech="n"/>
      <Sense id="sense-54" synset="synset-54">
        <Definition>This is definition 54</Definition>
      </Sense>
    </LexicalEntry>
    <LexicalEntry id="entry-55">
      <Lemma writtenForm="word55" partOfSpeech="n"/>
      <Sense id="sense-55" synset="synset-55">
        <Definition>This is definition 55</Definition>
      </Sense>
    </LexicalEntry>
    <LexicalEntry id="entry-56">
      <Lemma writtenForm="word56" partOfSpeech="n"/>
      <Sense id="sense-56" synset="synset-56">
        <Definition>This is definition 56</Definition>
      </Sense>
    </LexicalEntry>
    <LexicalEntry id="entry-57">
      <Lemma writtenForm="word57" partOfSpeech="n"/>
      <Sense id="sense-57" synset="synset-57">
        <Definition>This is definition 57</Definition>
      </Sense>
    </LexicalEntry>
    <LexicalEntry id="entry-58">
      <Lemma writtenForm="word58" partOfSpeech="n"/>
      <Sense id="sense-58" synset="synset-58">
        <Definition>This is definition 58</Definition>
      </Sense>
    </LexicalEntry>
    <LexicalEntry id="entry-59">
      <Lemma writtenForm="word59" partOfSpeech="n"/>
      <Sense id="sense-59" synset="synset-59">
        <Definition>This is definition 59</Definition>
      </Sense>
    </LexicalEntry>
    <LexicalEntry id="entry-60">
      <Lemma writtenForm="word60" partOfSpeech="n"/>
      <Sense id="sense-60" synset="synset-60">
        <Definition>This is definition 60</Definition>
      </Sense>
    </LexicalEntry>
    <LexicalEntry id="entry-61">
      <Lemma writtenForm="word61" partOfSpeech="n"/>
      <Sense id="sense-61" synset="synset-61">
        <Definition>This is definition 61</Definition>
      </Sense>
    </LexicalEntry>
    <LexicalEntry id="entry-62">
      <Lemma writtenForm="word62" partOfSpeech="n"/>
      <Sense id="sense-62" synset="synset-62">
        <Definition>This is definition 62</Definition>
      </Sense>
    </LexicalEntry>
    <LexicalEntry id="entry-63">
      <Lemma writtenForm="word63" partOfSpeech="n"/>
      <Sense id="sense-63" synset="synset-63">
        <Definition>This is definition 63</Definition>
      </Sense>
    </LexicalEntry>
    <LexicalEntry id="entry-64">
      <Lemma writtenForm="word64" partOfSpeech="n"/>
      <Sense id="sense-64" synset="synset-64">
        <Definition>This is definition 64</Definition>
      </Sense>
    </LexicalEntry>
    <LexicalEntry id="entry-65">
      <Lemma writtenForm="word65" partOfSpeech="n"/>
      <Sense id="sense-65" synset="synset-65">
        <Definition>This is definition 65</Definition>
      </Sense>
    </LexicalEntry>
    <LexicalEntry id="entry-66">
      <Lemma writtenForm="word66" partOfSpeech="n"/>
      <Sense id="sense-66" synset="synset-66">
        <Definition>This is definition 66</Definition>
      </Sense>
    </LexicalEntry>
    <LexicalEntry id="entry-67">
      <Lemma writtenForm="word67" partOfSpeech="n"/>
      <Sense id="sense-67" synset="synset-67">
        <Definition>This is definition 67</Definition>
      </Sense>
    </LexicalEntry>
    <LexicalEntry id="entry-68">
      <Lemma writtenForm="word68" partOfSpeech="n"/>
      <Sense id="sense-68" synset="synset-68">
        <Definition>This is definition 68</Definition>
      </Sense>
    </LexicalEntry>
    <LexicalEntry id="entry-69">
      <Lemma writtenForm="word69" partOfSpeech="n"/>
      <Sense id="sense-69" synset="synset-69">
        <Definition>This is definition 69</Definition>
      </Sense>
    </LexicalEntry>
    <LexicalEntry id="entry-70">
      <Lemma writtenForm="word70" partOfSpeech="n"/>
      <Sense id="sense-70" synset="synset-70">
        <Definition>This is definition 70</Definition>
      </Sense>
    </LexicalEntry>
    <LexicalEntry id="entry-71">
      <Lemma writtenForm="word71" partOfSpeech="n"/>
      <Sense id="sense-71" synset="synset-71">
        <Definition>This is definition 71</Definition>
      </Sense>
    </LexicalEntry>
    <LexicalEntry id="entry-72">
      <Lemma writtenForm="word72" partOfSpeech="n"/>
      <Sense id="sense-72" synset="synset-72">
        <Definition>This is definition 72</Definition>
      </Sense>
    </LexicalEntry>
    <LexicalEntry id="entry-73">
      <Lemma writtenForm="word73" partOfSpeech="n"/>
      <Sense id="sense-73" synset="synset-73">
        <Definition>This is definition 73</Definition>
      </Sense>
    </LexicalEntry>
    <LexicalEntry id="entry-74">
      <Lemma writtenForm="word74" partOfSpeech="n"/>
      <Sense id="sense-74" synset="synset-74">
        <Definition>This is definition 74</Definition>
      </Sense>
    </LexicalEntry>
    <LexicalEntry id="entry-75">
      <Lemma writtenForm="word75" partOfSpeech="n"/>
      <Sense id="sense-75" synset="synset-75">
        <Definition>This is definition 75</Definition>
      </Sense>
    </LexicalEntry>
    <LexicalEntry id="entry-76">
      <Lemma writtenForm="word76" partOfSpeech="n"/>
      <Sense id="sense-76" synset="synset-76">
        <Definition>This is definition 76</Definition>
      </Sense>
    </LexicalEntry>
    <LexicalEntry id="entry-77">
      <Lemma writtenForm="word77" partOfSpeech="n"/>
      <Sense id="sense-77" synset="synset-77">
        <Definition>This is definition 77</Definition>
      </Sense>
    </LexicalEntry>
    <LexicalEntry id="entry-78">
      <Lemma writtenForm="word78" partOfSpeech="n"/>
      <Sense id="sense-78" synset="synset-78">
        <Definition>This is definition 78</Definition>
      </Sense>
    </LexicalEntry>
    <LexicalEntry id="entry-79">
      <Lemma writtenForm="word79" partOfSpeech="n"/>
      <Sense id="sense-79" synset="synset-79">
        <Definition>This is definition 79</Definition>
      </Sense>
    </LexicalEntry>
    <LexicalEntry id="entry-80">
      <Lemma writtenForm="word80" partOfSpeech="n"/>
      <Sense id="sense-80" synset="synset-80">
        <Definition>This is definition 80</Definition>
      </Sense>
    </LexicalEntry>
    <LexicalEntry id="entry-81">
      <Lemma writtenForm="word81" partOfSpeech="n"/>
      <Sense id="sense-81" synset="synset-81">
        <Definition>This is definition 81</Definition>
      </Sense>
    </LexicalEntry>
    <LexicalEntry id="entry-82">
      <Lemma writtenForm="word82" partOfSpeech="n"/>
      <Sense id="sense-82" synset="synset-82">
        <Definition>This is definition 82</Definition>
      </Sense>
    </LexicalEntry>
    <LexicalEntry id="entry-83">
      <Lemma writtenForm="word83" partOfSpeech="n"/>
      <Sense id="sense-83" synset="synset-83">
        <Definition>This is definition 83</Definition>
      </Sense>
    </LexicalEntry>
    <LexicalEntry id="entry-84">
      <Lemma writtenForm="word84" partOfSpeech="n"/>
      <Sense id="sense-84" synset="synset-84">
        <Definition>This is definition 84</Definition>
      </Sense>
    </LexicalEntry>
    <LexicalEntry id="entry-85">
      <Lemma writtenForm="word85" partOfSpeech="n"/>
      <Sense id="sense-85" synset="synset-85">
        <Definition>This is definition 85</Definition>
      </Sense>
    </LexicalEntry>
    <LexicalEntry id="entry-86">
      <Lemma writtenForm="word86" partOfSpeech="n"/>
      <Sense id="sense-86" synset="synset-86">
        <Definition>This is definition 86</Definition>
      </Sense>
    </LexicalEntry>
    <LexicalEntry id="entry-87">
      <Lemma writtenForm="word87" partOfSpeech="n"/>
      <Sense id="sense-87" synset="synset-87">
        <Definition>This is definition 87</Definition>
      </Sense>
    </LexicalEntry>
    <LexicalEntry id="entry-88">
      <Lemma writtenForm="word88" partOfSpeech="n"/>
      <Sense id="sense-88" synset="synset-88">
        <Definition>This is definition 88</Definition>
      </Sense>
    </LexicalEntry>
    <LexicalEntry id="entry-89">
      <Lemma writtenForm="word89" partOfSpeech="n"/>
      <Sense id="sense-89" synset="synset-89">
        <Definition>This is definition 89</Definition>
      </Sense>
    </LexicalEntry>
    <LexicalEntry id="entry-90">
      <Lemma writtenForm="word90" partOfSpeech="n"/>
      <Sense id="sense-90" synset="synset-90">
        <Definition>This is definition 90</Definition>
      </Sense>
    </LexicalEntry>
    <LexicalEntry id="entry-91">
      <Lemma writtenForm="word91" partOfSpeech="n"/>
      <Sense id="sense-91" synset="synset-91">
        <Definition>This is definition 91</Definition>
      </Sense>
    </LexicalEntry>
    <LexicalEntry id="entry-92">
      <Lemma writtenForm="word92" partOfSpeech="n"/>
      <Sense id="sense-92" synset="synset-92">
        <Definition>This is definition 92</Definition>
      </Sense>
    </LexicalEntry>
    <LexicalEntry id="entry-93">
      <Lemma writtenForm="word93" partOfSpeech="n"/>
      <Sense id="sense-93" synset="synset-93">
        <Definition>This is definition 93</Definition>
      </Sense>
    </LexicalEntry>
    <LexicalEntry id="entry-94">
      <Lemma writtenForm="word94" partOfSpeech="n"/>
      <Sense id="sense-94" synset="synset-94">
        <Definition>This is definition 94</Definition>
      </Sense>
    </LexicalEntry>
    <LexicalEntry id="entry-95">
      <Lemma writtenForm="word95" partOfSpeech="n"/>
      <Sense id="sense-95" synset="synset-95">
        <Definition>This is definition 95</Definition>
      </Sense>
    </LexicalEntry>
    <LexicalEntry id="entry-96">
      <Lemma writtenForm="word96" partOfSpeech="n"/>
      <Sense id="sense-96" synset="synset-96">
        <Definition>This is definition 96</Definition>
      </Sense>
    </LexicalEntry>
    <LexicalEntry id="entry-97">
      <Lemma writtenForm="word97" partOfSpeech="n"/>
      <Sense id="sense-97" synset="synset-97">
        <Definition>This is definition 97</Definition>
      </Sense>
    </LexicalEntry>
    <LexicalEntry id="entry-98">
      <Lemma writtenForm="word98" partOfSpeech="n"/>
      <Sense id="sense-98" synset="synset-98">
        <Definition>This is definition 98</Definition>
      </Sense>
    </LexicalEntry>
    <LexicalEntry id="entry-99">
      <Lemma writtenForm="word99" partOfSpeech="n"/>
      <Sense id="sense-99" synset="synset-99">
        <Definition>This is definition 99</Definition>
      </Sense>
    </LexicalEntry>
    <LexicalEntry id="entry-100">
      <Lemma writtenForm="word100" partOfSpeech="n"/>
      <Sense id="sense-100" synset="synset-100">
        <Definition>This is definition 100</Definition>
      </Sense>
    </LexicalEntry>
    <LexicalEntry id="entry-101">
      <Lemma writtenForm="word101" partOfSpeech="n"/>
      <Sense id="sense-101" synset="synset-101">
        <Definition>This is definition 101</Definition>
      </Sense>
    </LexicalEntry>
    <LexicalEntry id="entry-102">
      <Lemma writtenForm="word102" partOfSpeech="n"/>
      <Sense id="sense-102" synset="synset-102">
        <Definition>This is definition 102</Definition>
      </Sense>
    </LexicalEntry>
    <LexicalEntry id="entry-103">
      <Lemma writtenForm="word103" partOfSpeech="n"/>
      <Sense id="sense-103" synset="synset-103">
        <Definition>This is definition 103</Definition>
      </Sense>
    </LexicalEntry>
    <LexicalEntry id="entry-104">
      <Lemma writtenForm="word104" partOfSpeech="n"/>
      <Sense id="sense-104" synset="synset-104">
        <Definition>This is definition 104</Definition>
      </Sense>
    </LexicalEntry>
    <LexicalEntry id="entry-105">
      <Lemma writtenForm="word105" partOfSpeech="n"/>
      <Sense id="sense-105" synset="synset-105">
        <Definition>This is definition 105</Definition>
      </Sense>
    </LexicalEntry>
    <LexicalEntry id="entry-106">
      <Lemma writtenForm="word106" partOfSpeech="n"/>
      <Sense id="sense-106" synset="synset-106">
        <Definition>This is definition 106</Definition>
      </Sense>
    </LexicalEntry>
    <LexicalEntry id="entry-107">
      <Lemma writtenForm="word107" partOfSpeech="n"/>
      <Sense id="sense-107" synset="synset-107">
        <Definition>This is definition 107</Definition>
      </Sense>
    </LexicalEntry>
    <LexicalEntry id="entry-108">
      <Lemma writtenForm="word108" partOfSpeech="n"/>
      <Sense id="sense-108" synset="synset-108">
        <Definition>This is definition 108</Definition>
      </Sense>
    </LexicalEntry>
    <LexicalEntry id="entry-109">
      <Lemma writtenForm="word109" partOfSpeech="n"/>
      <Sense id="sense-109" synset="synset-109">
        <Definition>This is definition 109</Definition>
      </Sense>
    </LexicalEntry>
    <LexicalEntry id="entry-110">
      <Lemma writtenForm="word110" partOfSpeech="n"/>
      <Sense id="sense-110" synset="synset-110">
        <Definition>This is definition 110</Definition>
      </Sense>
    </LexicalEntry>
    <LexicalEntry id="entry-111">
      <Lemma writtenForm="word111" partOfSpeech="n"/>
      <Sense id="sense-111" synset="synset-111">
        <Definition>This is definition 111</Definition>
      </Sense>
    </LexicalEntry>
    <LexicalEntry id="entry-112">
      <Lemma writtenForm="word112" partOfSpeech="n"/>
      <Sense id="sense-112" synset="synset-112">
        <Definition>This is definition 112</Definition>
      </Sense>
    </LexicalEntry>
    <LexicalEntry id="entry-113">
      <Lemma writtenForm="word113" partOfSpeech="n"/>
      <Sense id="sense-113" synset="synset-113">
        <Definition>This is definition 113</Definition>
      </Sense>
    </LexicalEntry>
    <LexicalEntry id="entry-114">
      <Lemma writtenForm="word114" partOfSpeech="n"/>
      <Sense id="sense-114" synset="synset-114">
        <Definition>This is definition 114</Definition>
      </Sense>
    </LexicalEntry>
    <LexicalEntry id="entry-115">
      <Lemma writtenForm="word115" partOfSpeech="n"/>
      <Sense id="sense-115" synset="synset-115">
        <Definition>This is definition 115</Definition>
      </Sense>
    </LexicalEntry>
    <LexicalEntry id="entry-116">
      <Lemma writtenForm="word116" partOfSpeech="n"/>
      <Sense id="sense-116" synset="synset-116">
        <Definition>This is definition 116</Definition>
      </Sense>
    </LexicalEntry>
    <LexicalEntry id="entry-117">
      <Lemma writtenForm="word117" partOfSpeech="n"/>
      <Sense id="sense-117" synset="synset-117">
        <Definition>This is definition 117</Definition>
      </Sense>
    </LexicalEntry>
    <LexicalEntry id="entry-118">
      <Lemma writtenForm="word118" partOfSpeech="n"/>
      <Sense id="sense-118" synset="synset-118">
        <Definition>This is definition 118</Definition>
      </Sense>
    </LexicalEntry>
    <LexicalEntry id="entry-119">
      <Lemma writtenForm="word119" partOfSpeech="n"/>
      <Sense id="sense-119" synset="synset-119">
        <Definition>This is definition 119</Definition>
      </Sense>
    </LexicalEntry>
    <LexicalEntry id="entry-120">
      <Lemma writtenForm="word120" partOfSpeech="n"/>
      <Sense id="sense-120" synset="synset-120">
        <Definition>This is definition 120</Definition>
      </Sense>
    </LexicalEntry>
    <LexicalEntry id="entry-121">
      <Lemma writtenForm="word121" partOfSpeech="n"/>
      <Sense id="sense-121" synset="synset-121">
        <Definition>This is definition 121</Definition>
      </Sense>
    </LexicalEntry>
    <LexicalEntry id="entry-122">
      <Lemma writtenForm="word122" partOfSpeech="n"/>
      <Sense id="sense-122" synset="synset-122">
        <Definition>This is definition 122</Definition>
      </Sense>
    </LexicalEntry>
    <LexicalEntry id="entry-123">
      <Lemma writtenForm="word123" partOfSpeech="n"/>
      <Sense id="sense-123" synset="synset-123">
        <Definition>This is definition 123</Definition>
      </Sense>
    </LexicalEntry>
    <LexicalEntry id="entry-124">
      <Lemma writtenForm="word124" partOfSpeech="n"/>
      <Sense id="sense-124" synset="synset-124">
        <Definition>This is definition 124</Definition>
      </Sense>
    </LexicalEntry>
    <LexicalEntry id="entry-125">
      <Lemma writtenForm="word125" partOfSpeech="n"/>
      <Sense id="sense-125" synset="synset-125">
        <Definition>This is definition 125</Definition>
      </Sense>
    </LexicalEntry>
    <LexicalEntry id="entry-126">
      <Lemma writtenForm="word126" partOfSpeech="n"/>
      <Sense id="sense-126" synset="synset-126">
        <Definition>This is definition 126</Definition>
      </Sense>
    </LexicalEntry>
    <LexicalEntry id="entry-127">
      <Lemma writtenForm="word127" partOfSpeech="n"/>
      <Sense id="sense-127" synset="synset-127">
        <Definition>This is definition 127</Definition>
      </Sense>
    </LexicalEntry>
    <LexicalEntry id="entry-128">
      <Lemma writtenForm="word128" partOfSpeech="n"/>
      <Sense id="sense-128" synset="synset-128">
        <Definition>This is definition 128</Definition>
      </Sense>
    </LexicalEntry>
    <LexicalEntry id="entry-129">
      <Lemma writtenForm="word129" partOfSpeech="n"/>
      <Sense id="sense-129" synset="synset-129">
        <Definition>This is definition 129</Definition>
      </Sense>
    </LexicalEntry>
    <LexicalEntry id="entry-130">
      <Lemma writtenForm="word130" partOfSpeech="n"/>
      <Sense id="sense-130" synset="synset-130">
        <Definition>This is definition 130</Definition>
      </Sense>
    </LexicalEntry>
    <LexicalEntry id="entry-131">
      <Lemma writtenForm="word131" partOfSpeech="n"/>
      <Sense id="sense-131" synset="synset-131">
        <Definition>This is definition 131</Definition>
      </Sense>
    </LexicalEntry>
    <LexicalEntry id="entry-132">
      <Lemma writtenForm="word132" partOfSpeech="n"/>
      <Sense id="sense-132" synset="synset-132">
        <Definition>This is definition 132</Definition>
      </Sense>
    </LexicalEntry>
    <LexicalEntry id="entry-133">
      <Lemma writtenForm="word133" partOfSpeech="n"/>
      <Sense id="sense-133" synset="synset-133">
        <Definition>This is definition 133</Definition>
      </Sense>
    </LexicalEntry>
    <LexicalEntry id="entry-134">
      <Lemma writtenForm="word134" partOfSpeech="n"/>
      <Sense id="sense-134" synset="synset-134">
        <Definition>This is definition 134</Definition>
      </Sense>
    </LexicalEntry>
    <LexicalEntry id="entry-135">
      <Lemma writtenForm="word135" partOfSpeech="n"/>
      <Sense id="sense-135" synset="synset-135">
        <Definition>This is definition 135</Definition>
      </Sense>
    </LexicalEntry>
    <LexicalEntry id="entry-136">
      <Lemma writtenForm="word136" partOfSpeech="n"/>
      <Sense id="sense-136" synset="synset-136">
        <Definition>This is definition 136</Definition>
      </Sense>
    </LexicalEntry>
    <LexicalEntry id="entry-137">
      <Lemma writtenForm="word137" partOfSpeech="n"/>
      <Sense id="sense-137" synset="synset-137">
        <Definition>This is definition 137</Definition>
      </Sense>
    </LexicalEntry>
    <LexicalEntry id="entry-138">
      <Lemma writtenForm="word138" partOfSpeech="n"/>
      <Sense id="sense-138" synset="synset-138">
        <Definition>This is definition 138</Definition>
      </Sense>
    </LexicalEntry>
    <LexicalEntry id="entry-139">
      <Lemma writtenForm="word139" partOfSpeech="n"/>
      <Sense id="sense-139" synset="synset-139">
        <Definition>This is definition 139</Definition>
      </Sense>
    </LexicalEntry>
    <LexicalEntry id="entry-140">
      <Lemma writtenForm="word140" partOfSpeech="n"/>
      <Sense id="sense-140" synset="synset-140">
        <Definition>This is definition 140</Definition>
      </Sense>
    </LexicalEntry>
    <LexicalEntry id="entry-141">
      <Lemma writtenForm="word141" partOfSpeech="n"/>
      <Sense id="sense-141" synset="synset-141">
        <Definition>This is definition 141</Definition>
      </Sense>
    </LexicalEntry>
    <LexicalEntry id="entry-142">
      <Lemma writtenForm="word142" partOfSpeech="n"/>
      <Sense id="sense-142" synset="synset-142">
        <Definition>This is definition 142</Definition>
      </Sense>
    </LexicalEntry>
    <LexicalEntry id="entry-143">
      <Lemma writtenForm="word143" partOfSpeech="n"/>
      <Sense id="sense-143" synset="synset-143">
        <Definition>This is definition 143</Definition>
      </Sense>
    </LexicalEntry>
    <LexicalEntry id="entry-144">
      <Lemma writtenForm="word144" partOfSpeech="n"/>
      <Sense id="sense-144" synset="synset-144">
        <Definition>This is definition 144</Definition>
      </Sense>
    </LexicalEntry>
    <LexicalEntry id="entry-145">
      <Lemma writtenForm="word145" partOfSpeech="n"/>
      <Sense id="sense-145" synset="synset-145">
        <Definition>This is definition 145</Definition>
      </Sense>
    </LexicalEntry>
    <LexicalEntry id="entry-146">
      <Lemma writtenForm="word146" partOfSpeech="n"/>
      <Sense id="sense-146" synset="synset-146">
        <Definition>This is definition 146</Definition>
      </Sense>
    </LexicalEntry>
    <LexicalEntry id="entry-147">
      <Lemma writtenForm="word147" partOfSpeech="n"/>
      <Sense id="sense-147" synset="synset-147">
        <Definition>This is definition 147</Definition>
      </Sense>
    </LexicalEntry>
    <LexicalEntry id="entry-148">
      <Lemma writtenForm="word148" partOfSpeech="n"/>
      <Sense id="sense-148" synset="synset-148">
        <Definition>This is definition 148</Definition>
      </Sense>
    </LexicalEntry>
    <LexicalEntry id="entry-149">
      <Lemma writtenForm="word149" partOfSpeech="n"/>
      <Sense id="sense-149" synset="synset-149">
        <Definition>This is definition 149</Definition>
      </Sense>
    </LexicalEntry>
    <LexicalEntry id="entry-150">
      <Lemma writtenForm="word150" partOfSpeech="n"/>
      <Sense id="sense-150" synset="synset-150">
        <Definition>This is definition 150</Definition>
      </Sense>
    </LexicalEntry>
    <LexicalEntry id="entry-151">
      <Lemma writtenForm="word151" partOfSpeech="n"/>
      <Sense id="sense-151" synset="synset-151">
        <Definition>This is definition 151</Definition>
      </Sense>
    </LexicalEntry>
    <LexicalEntry id="entry-152">
      <Lemma writtenForm="word152" partOfSpeech="n"/>
      <Sense id="sense-152" synset="synset-152">
        <Definition>This is definition 152</Definition>
      </Sense>
    </LexicalEntry>
    <LexicalEntry id="entry-153">
      <Lemma writtenForm="word153" partOfSpeech="n"/>
      <Sense id="sense-153" synset="synset-153">
        <Definition>This is definition 153</Definition>
      </Sense>
    </LexicalEntry>
    <LexicalEntry id="entry-154">
      <Lemma writtenForm="word154" partOfSpeech="n"/>
      <Sense id="sense-154" synset="synset-154">
        <Definition>This is definition 154</Definition>
      </Sense>
    </LexicalEntry>
    <LexicalEntry id="entry-155">
      <Lemma writtenForm="word155" partOfSpeech="n"/>
      <Sense id="sense-155" synset="synset-155">
        <Definition>This is definition 155</Definition>
      </Sense>
    </LexicalEntry>
    <LexicalEntry id="entry-156">
      <Lemma writtenForm="word156" partOfSpeech="n"/>
      <Sense id="sense-156" synset="synset-156">
        <Definition>This is definition 156</Definition>
      </Sense>
    </LexicalEntry>
    <LexicalEntry id="entry-157">
      <Lemma writtenForm="word157" partOfSpeech="n"/>
      <Sense id="sense-157" synset="synset-157">
        <Definition>This is definition 157</Definition>
      </Sense>
    </LexicalEntry>
    <LexicalEntry id="entry-158">
      <Lemma writtenForm="word158" partOfSpeech="n"/>
      <Sense id="sense-158" synset="synset-158">
        <Definition>This is definition 158</Definition>
      </Sense>
    </LexicalEntry>
    <LexicalEntry id="entry-159">
      <Lemma writtenForm="word159" partOfSpeech="n"/>
      <Sense id="sense-159" synset="synset-159">
        <Definition>This is definition 159</Definition>
      </Sense>
    </LexicalEntry>
    <LexicalEntry id="entry-160">
      <Lemma writtenForm="word160" partOfSpeech="n"/>
      <Sense id="sense-160" synset="synset-160">
        <Definition>This is definition 160</Definition>
      </Sense>
    </LexicalEntry>
    <LexicalEntry id="entry-161">
      <Lemma writtenForm="word161" partOfSpeech="n"/>
      <Sense id="sense-161" synset="synset-161">
        <Definition>This is definition 161</Definition>
      </Sense>
    </LexicalEntry>
    <LexicalEntry id="entry-162">
      <Lemma writtenForm="word162" partOfSpeech="n"/>
      <Sense id="sense-162" synset="synset-162">
        <Definition>This is definition 162</Definition>
      </Sense>
    </LexicalEntry>
    <LexicalEntry id="entry-163">
      <Lemma writtenForm="word163" partOfSpeech="n"/>
      <Sense id="sense-163" synset="synset-163">
        <Definition>This is definition 163</Definition>
      </Sense>
    </LexicalEntry>
    <LexicalEntry id="entry-164">
      <Lemma writtenForm="word164" partOfSpeech="n"/>
      <Sense id="sense-164" synset="synset-164">
        <Definition>This is definition 164</Definition>
      </Sense>
    </LexicalEntry>
    <LexicalEntry id="entry-165">
      <Lemma writtenForm="word165" partOfSpeech="n"/>
      <Sense id="sense-165" synset="synset-165">
        <Definition>This is definition 165</Definition>
      </Sense>
    </LexicalEntry>
    <LexicalEntry id="entry-166">
      <Lemma writtenForm="word166" partOfSpeech="n"/>
      <Sense id="sense-166" synset="synset-166">
        <Definition>This is definition 166</Definition>
      </Sense>
    </LexicalEntry>
    <LexicalEntry id="entry-167">
      <Lemma writtenForm="word167" partOfSpeech="n"/>
      <Sense id="sense-167" synset="synset-167">
        <Definition>This is definition 167</Definition>
      </Sense>
    </LexicalEntry>
    <LexicalEntry id="entry-168">
      <Lemma writtenForm="word168" partOfSpeech="n"/>
      <Sense id="sense-168" synset="synset-168">
        <Definition>This is definition 168</Definition>
      </Sense>
    </LexicalEntry>
    <LexicalEntry id="entry-169">
      <Lemma writtenForm="word169" partOfSpeech="n"/>
      <Sense id="sense-169" synset="synset-169">
        <Definition>This is definition 169</Definition>
      </Sense>
    </LexicalEntry>
    <LexicalEntry id="entry-170">
      <Lemma writtenForm="word170" partOfSpeech="n"/>
      <Sense id="sense-170" synset="synset-170">
        <Definition>This is definition 170</Definition>
      </Sense>
    </LexicalEntry>
    <LexicalEntry id="entry-171">
      <Lemma writtenForm="word171" partOfSpeech="n"/>
      <Sense id="sense-171" synset="synset-171">
        <Definition>This is definition 171</Definition>
      </Sense>
    </LexicalEntry>
    <LexicalEntry id="entry-172">
      <Lemma writtenForm="word172" partOfSpeech="n"/>
      <Sense id="sense-172" synset="synset-172">
        <Definition>This is definition 172</Definition>
      </Sense>
    </LexicalEntry>
    <LexicalEntry id="entry-173">
      <Lemma writtenForm="word173" partOfSpeech="n"/>
      <Sense id="sense-173" synset="synset-173">
        <Definition>This is definition 173</Definition>
      </Sense>
    </LexicalEntry>
    <LexicalEntry id="entry-174">
      <Lemma writtenForm="word174" partOfSpeech="n"/>
      <Sense id="sense-174" synset="synset-174">
        <Definition>This is definition 174</Definition>
      </Sense>
    </LexicalEntry>
    <LexicalEntry id="entry-175">
      <Lemma writtenForm="word175" partOfSpeech="n"/>
      <Sense id="sense-175" synset="synset-175">
        <Definition>This is definition 175</Definition>
      </Sense>
    </LexicalEntry>
    <LexicalEntry id="entry-176">
      <Lemma writtenForm="word176" partOfSpeech="n"/>
      <Sense id="sense-176" synset="synset-176">
        <Definition>This is definition 176</Definition>
      </Sense>
    </LexicalEntry>
    <LexicalEntry id="entry-177">
      <Lemma writtenForm="word177" partOfSpeech="n"/>
      <Sense id="sense-177" synset="synset-177">
        <Definition>This is definition 177</Definition>
      </Sense>
    </LexicalEntry>
    <LexicalEntry id="entry-178">
      <Lemma writtenForm="word178" partOfSpeech="n"/>
      <Sense id="sense-178" synset="synset-178">
        <Definition>This is definition 178</Definition>
      </Sense>
    </LexicalEntry>
    <LexicalEntry id="entry-179">
      <Lemma writtenForm="word179" partOfSpeech="n"/>
      <Sense id="sense-179" synset="synset-179">
        <Definition>This is definition 179</Definition>
      </Sense>
    </LexicalEntry>
    <LexicalEntry id="entry-180">
      <Lemma writtenForm="word180" partOfSpeech="n"/>
      <Sense id="sense-180" synset="synset-180">
        <Definition>This is definition 180</Definition>
      </Sense>
    </LexicalEntry>
    <LexicalEntry id="entry-181">
      <Lemma writtenForm="word181" partOfSpeech="n"/>
      <Sense id="sense-181" synset="synset-181">
        <Definition>This is definition 181</Definition>
      </Sense>
    </LexicalEntry>
    <LexicalEntry id="entry-182">
      <Lemma writtenForm="word182" partOfSpeech="n"/>
      <Sense id="sense-182" synset="synset-182">
        <Definition>This is definition 182</Definition>
      </Sense>
    </LexicalEntry>
    <LexicalEntry id="entry-183">
      <Lemma writtenForm="word183" partOfSpeech="n"/>
      <Sense id="sense-183" synset="synset-183">
        <Definition>This is definition 183</Definition>
      </Sense>
    </LexicalEntry>
    <LexicalEntry id="entry-184">
      <Lemma writtenForm="word184" partOfSpeech="n"/>
      <Sense id="sense-184" synset="synset-184">
        <Definition>This is definition 184</Definition>
      </Sense>
    </LexicalEntry>
    <LexicalEntry id="entry-185">
      <Lemma writtenForm="word185" partOfSpeech="n"/>
      <Sense id="sense-185" synset="synset-185">
        <Definition>This is definition 185</Definition>
      </Sense>
    </LexicalEntry>
    <LexicalEntry id="entry-186">
      <Lemma writtenForm="word186" partOfSpeech="n"/>
      <Sense id="sense-186" synset="synset-186">
        <Definition>This is definition 186</Definition>
      </Sense>
    </LexicalEntry>
    <LexicalEntry id="entry-187">
      <Lemma writtenForm="word187" partOfSpeech="n"/>
      <Sense id="sense-187" synset="synset-187">
        <Definition>This is definition 187</Definition>
      </Sense>
    </LexicalEntry>
    <LexicalEntry id="entry-188">
      <Lemma writtenForm="word188" partOfSpeech="n"/>
      <Sense id="sense-188" synset="synset-188">
        <Definition>This is definition 188</Definition>
      </Sense>
    </LexicalEntry>
    <LexicalEntry id="entry-189">
      <Lemma writtenForm="word189" partOfSpeech="n"/>
      <Sense id="sense-189" synset="synset-189">
        <Definition>This is definition 189</Definition>
      </Sense>
    </LexicalEntry>
    <LexicalEntry id="entry-190">
      <Lemma writtenForm="word190" partOfSpeech="n"/>
      <Sense id="sense-190" synset="synset-190">
        <Definition>This is definition 190</Definition>
      </Sense>
    </LexicalEntry>
    <LexicalEntry id="entry-191">
      <Lemma writtenForm="word191" partOfSpeech="n"/>
      <Sense id="sense-191" synset="synset-191">
        <Definition>This is definition 191</Definition>
      </Sense>
    </LexicalEntry>
    <LexicalEntry id="entry-192">
      <Lemma writtenForm="word192" partOfSpeech="n"/>
      <Sense id="sense-192" synset="synset-192">
        <Definition>This is definition 192</Definition>
      </Sense>
    </LexicalEntry>
    <LexicalEntry id="entry-193">
      <Lemma writtenForm="word193" partOfSpeech="n"/>
      <Sense id="sense-193" synset="synset-193">
        <Definition>This is definition 193</Definition>
      </Sense>
    </LexicalEntry>
    <LexicalEntry id="entry-194">
      <Lemma writtenForm="word194" partOfSpeech="n"/>
      <Sense id="sense-194" synset="synset-194">
        <Definition>This is definition 194</Definition>
      </Sense>
    </LexicalEntry>
    <LexicalEntry id="entry-195">
      <Lemma writtenForm="word195" partOfSpeech="n"/>
      <Sense id="sense-195" synset="synset-195">
        <Definition>This is definition 195</Definition>
      </Sense>
    </LexicalEntry>
    <LexicalEntry id="entry-196">
      <Lemma writtenForm="word196" partOfSpeech="n"/>
      <Sense id="sense-196" synset="synset-196">
        <Definition>This is definition 196</Definition>
      </Sense>
    </LexicalEntry>
    <LexicalEntry id="entry-197">
      <Lemma writtenForm="word197" partOfSpeech="n"/>
      <Sense id="sense-197" synset="synset-197">
        <Definition>This is definition 197</Definition>
      </Sense>
    </LexicalEntry>
    <LexicalEntry id="entry-198">
      <Lemma writtenForm="word198" partOfSpeech="n"/>
      <Sense id="sense-198" synset="synset-198">
        <Definition>This is definition 198</Definition>
      </Sense>
    </LexicalEntry>
    <LexicalEntry id="entry-199">
      <Lemma writtenForm="word199" partOfSpeech="n"/>
      <Sense id="sense-199" synset="synset-199">
        <Definition>This is definition 199</Definition>
      </Sense>
    </LexicalEntry>
    <LexicalEntry id="entry-200">
      <Lemma writtenForm="word200" partOfSpeech="n"/>
      <Sense id="sense-200" synset="synset-200">
        <Definition>This is definition 200</Definition>
      </Sense>
    </LexicalEntry>
    <LexicalEntry id="entry-201">
      <Lemma writtenForm="word201" partOfSpeech="n"/>
      <Sense id="sense-201" synset="synset-201">
        <Definition>This is definition 201</Definition>
      </Sense>
    </LexicalEntry>
    <LexicalEntry id="entry-202">
      <Lemma writtenForm="word202" partOfSpeech="n"/>
      <Sense id="sense-202" synset="synset-202">
        <Definition>This is definition 202</Definition>
      </Sense>
    </LexicalEntry>
    <LexicalEntry id="entry-203">
      <Lemma writtenForm="word203" partOfSpeech="n"/>
      <Sense id="sense-203" synset="synset-203">
        <Definition>This is definition 203</Definition>
      </Sense>
    </LexicalEntry>
    <LexicalEntry id="entry-204">
      <Lemma writtenForm="word204" partOfSpeech="n"/>
      <Sense id="sense-204" synset="synset-204">
        <Definition>This is definition 204</Definition>
      </Sense>
    </LexicalEntry>
    <LexicalEntry id="entry-205">
      <Lemma writtenForm="word205" partOfSpeech="n"/>
      <Sense id="sense-205" synset="synset-205">
        <Definition>This is definition 205</Definition>
      </Sense>
    </LexicalEntry>
    <LexicalEntry id="entry-206">
      <Lemma writtenForm="word206" partOfSpeech="n"/>
      <Sense id="sense-206" synset="synset-206">
        <Definition>This is definition 206</Definition>
      </Sense>
    </LexicalEntry>
    <LexicalEntry id="entry-207">
      <Lemma writtenForm="word207" partOfSpeech="n"/>
      <Sense id="sense-207" synset="synset-207">
        <Definition>This is definition 207</Definition>
      </Sense>
    </LexicalEntry>
    <LexicalEntry id="entry-208">
      <Lemma writtenForm="word208" partOfSpeech="n"/>
      <Sense id="sense-208" synset="synset-208">
        <Definition>This is definition 208</Definition>
      </Sense>
    </LexicalEntry>
    <LexicalEntry id="entry-209">
      <Lemma writtenForm="word209" partOfSpeech="n"/>
      <Sense id="sense-209" synset="synset-209">
        <Definition>This is definition 209</Definition>
      </Sense>
    </LexicalEntry>
    <LexicalEntry id="entry-210">
      <Lemma writtenForm="word210" partOfSpeech="n"/>
      <Sense id="sense-210" synset="synset-210">
        <Definition>This is definition 210</Definition>
      </Sense>
    </LexicalEntry>
    <LexicalEntry id="entry-211">
      <Lemma writtenForm="word211" partOfSpeech="n"/>
      <Sense id="sense-211" synset="synset-211">
        <Definition>This is definition 211</Definition>
      </Sense>
    </LexicalEntry>
    <LexicalEntry id="entry-212">
      <Lemma writtenForm="word212" partOfSpeech="n"/>
      <Sense id="sense-212" synset="synset-212">
        <Definition>This is definition 212</Definition>
      </Sense>
    </LexicalEntry>
    <LexicalEntry id="entry-213">
      <Lemma writtenForm="word213" partOfSpeech="n"/>
      <Sense id="sense-213" synset="synset-213">
        <Definition>This is definition 213</Definition>
      </Sense>
    </LexicalEntry>
    <LexicalEntry id="entry-214">
      <Lemma writtenForm="word214" partOfSpeech="n"/>
      <Sense id="sense-214" synset="synset-214">
        <Definition>This is definition 214</Definition>
      </Sense>
    </LexicalEntry>
    <LexicalEntry id="entry-215">
      <Lemma writtenForm="word215" partOfSpeech="n"/>
      <Sense id="sense-215" synset="synset-215">
        <Definition>This is definition 215</Definition>
      </Sense>
    </LexicalEntry>
    <LexicalEntry id="entry-216">
      <Lemma writtenForm="word216" partOfSpeech="n"/>
      <Sense id="sense-216" synset="synset-216">
        <Definition>This is definition 216</Definition>
      </Sense>
    </LexicalEntry>
    <LexicalEntry id="entry-217">
      <Lemma writtenForm="word217" partOfSpeech="n"/>
      <Sense id="sense-217" synset="synset-217">
        <Definition>This is definition 217</Definition>
      </Sense>
    </LexicalEntry>
    <LexicalEntry id="entry-218">
      <Lemma writtenForm="word218" partOfSpeech="n"/>
      <Sense id="sense-218" synset="synset-218">
        <Definition>This is definition 218</Definition>
      </Sense>
    </LexicalEntry>
    <LexicalEntry id="entry-219">
      <Lemma writtenForm="word219" partOfSpeech="n"/>
      <Sense id="sense-219" synset="synset-219">
        <Definition>This is definition 219</Definition>
      </Sense>
    </LexicalEntry>
    <LexicalEntry id="entry-220">
      <Lemma writtenForm="word220" partOfSpeech="n"/>
      <Sense id="sense-220" synset="synset-220">
        <Definition>This is definition 220</Definition>
      </Sense>
    </LexicalEntry>
    <LexicalEntry id="entry-221">
      <Lemma writtenForm="word221" partOfSpeech="n"/>
      <Sense id="sense-221" synset="synset-221">
        <Definition>This is definition 221</Definition>
      </Sense>
    </LexicalEntry>
    <LexicalEntry id="entry-222">
      <Lemma writtenForm="word222" partOfSpeech="n"/>
      <Sense id="sense-222" synset="synset-222">
        <Definition>This is definition 222</Definition>
      </Sense>
    </LexicalEntry>
    <LexicalEntry id="entry-223">
      <Lemma writtenForm="word223" partOfSpeech="n"/>
      <Sense id="sense-223" synset="synset-223">
        <Definition>This is definition 223</Definition>
      </Sense>
    </LexicalEntry>
    <LexicalEntry id="entry-224">
      <Lemma writtenForm="word224" partOfSpeech="n"/>
      <Sense id="sense-224" synset="synset-224">
        <Definition>This is definition 224</Definition>
      </Sense>
    </LexicalEntry>
    <LexicalEntry id="entry-225">
      <Lemma writtenForm="word225" partOfSpeech="n"/>
      <Sense id="sense-225" synset="synset-225">
        <Definition>This is definition 225</Definition>
      </Sense>
    </LexicalEntry>
    <LexicalEntry id="entry-226">
      <Lemma writtenForm="word226" partOfSpeech="n"/>
      <Sense id="sense-226" synset="synset-226">
        <Definition>This is definition 226</Definition>
      </Sense>
    </LexicalEntry>
    <LexicalEntry id="entry-227">
      <Lemma writtenForm="word227" partOfSpeech="n"/>
      <Sense id="sense-227" synset="synset-227">
        <Definition>This is definition 227</Definition>
      </Sense>
    </LexicalEntry>
    <LexicalEntry id="entry-228">
      <Lemma writtenForm="word228" partOfSpeech="n"/>
      <Sense id="sense-228" synset="synset-228">
        <Definition>This is definition 228</Definition>
      </Sense>
    </LexicalEntry>
    <LexicalEntry id="entry-229">
      <Lemma writtenForm="word229" partOfSpeech="n"/>
      <Sense id="sense-229" synset="synset-229">
        <Definition>This is definition 229</Definition>
      </Sense>
    </LexicalEntry>
    <LexicalEntry id="entry-230">
      <Lemma writtenForm="word230" partOfSpeech="n"/>
      <Sense id="sense-230" synset="synset-230">
        <Definition>This is definition 230</Definition>
      </Sense>
    </LexicalEntry>
    <LexicalEntry id="entry-231">
      <Lemma writtenForm="word231" partOfSpeech="n"/>
      <Sense id="sense-231" synset="synset-231">
        <Definition>This is definition 231</Definition>
      </Sense>
    </LexicalEntry>
    <LexicalEntry id="entry-232">
      <Lemma writtenForm="word232" partOfSpeech="n"/>
      <Sense id="sense-232" synset="synset-232">
        <Definition>This is definition 232</Definition>
      </Sense>
    </LexicalEntry>
    <LexicalEntry id="entry-233">
      <Lemma writtenForm="word233" partOfSpeech="n"/>
      <Sense id="sense-233" synset="synset-233">
        <Definition>This is definition 233</Definition>
      </Sense>
    </LexicalEntry>
    <LexicalEntry id="entry-234">
      <Lemma writtenForm="word234" partOfSpeech="n"/>
      <Sense id="sense-234" synset="synset-234">
        <Definition>This is definition 234</Definition>
      </Sense>
    </LexicalEntry>
    <LexicalEntry id="entry-235">
      <Lemma writtenForm="word235" partOfSpeech="n"/>
      <Sense id="sense-235" synset="synset-235">
        <Definition>This is definition 235</Definition>
      </Sense>
    </LexicalEntry>
    <LexicalEntry id="entry-236">
      <Lemma writtenForm="word236" partOfSpeech="n"/>
      <Sense id="sense-236" synset="synset-236">
        <Definition>This is definition 236</Definition>
      </Sense>
    </LexicalEntry>
    <LexicalEntry id="entry-237">
      <Lemma writtenForm="word237" partOfSpeech="n"/>
      <Sense id="sense-237" synset="synset-237">
        <Definition>This is definition 237</Definition>
      </Sense>
    </LexicalEntry>
    <LexicalEntry id="entry-238">
      <Lemma writtenForm="word238" partOfSpeech="n"/>
      <Sense id="sense-238" synset="synset-238">
        <Definition>This is definition 238</Definition>
      </Sense>
    </LexicalEntry>
    <LexicalEntry id="entry-239">
      <Lemma writtenForm="word239" partOfSpeech="n"/>
      <Sense id="sense-239" synset="synset-239">
        <Definition>This is definition 239</Definition>
      </Sense>
    </LexicalEntry>
    <LexicalEntry id="entry-240">
      <Lemma writtenForm="word240" partOfSpeech="n"/>
      <Sense id="sense-240" synset="synset-240">
        <Definition>This is definition 240</Definition>
      </Sense>
    </LexicalEntry>
    <LexicalEntry id="entry-241">
      <Lemma writtenForm="word241" partOfSpeech="n"/>
      <Sense id="sense-241" synset="synset-241">
        <Definition>This is definition 241</Definition>
      </Sense>
    </LexicalEntry>
    <LexicalEntry id="entry-242">
      <Lemma writtenForm="word242" partOfSpeech="n"/>
      <Sense id="sense-242" synset="synset-242">
        <Definition>This is definition 242</Definition>
      </Sense>
    </LexicalEntry>
    <LexicalEntry id="entry-243">
      <Lemma writtenForm="word243" partOfSpeech="n"/>
      <Sense id="sense-243" synset="synset-243">
        <Definition>This is definition 243</Definition>
      </Sense>
    </LexicalEntry>
    <LexicalEntry id="entry-244">
      <Lemma writtenForm="word244" partOfSpeech="n"/>
      <Sense id="sense-244" synset="synset-244">
        <Definition>This is definition 244</Definition>
      </Sense>
    </LexicalEntry>
    <LexicalEntry id="entry-245">
      <Lemma writtenForm="word245" partOfSpeech="n"/>
      <Sense id="sense-245" synset="synset-245">
        <Definition>This is definition 245</Definition>
      </Sense>
    </LexicalEntry>
    <LexicalEntry id="entry-246">
      <Lemma writtenForm="word246" partOfSpeech="n"/>
      <Sense id="sense-246" synset="synset-246">
        <Definition>This is definition 246</Definition>
      </Sense>
    </LexicalEntry>
    <LexicalEntry id="entry-247">
      <Lemma writtenForm="word247" partOfSpeech="n"/>
      <Sense id="sense-247" synset="synset-247">
        <Definition>This is definition 247</Definition>
      </Sense>
    </LexicalEntry>
    <LexicalEntry id="entry-248">
      <Lemma writtenForm="word248" partOfSpeech="n"/>
      <Sense id="sense-248" synset="synset-248">
        <Definition>This is definition 248</Definition>
      </Sense>
    </LexicalEntry>
    <LexicalEntry id="entry-249">
      <Lemma writtenForm="word249" partOfSpeech="n"/>
      <Sense id="sense-249" synset="synset-249">
        <Definition>This is definition 249</Definition>
      </Sense>
    </LexicalEntry>
    <LexicalEntry id="entry-250">
      <Lemma writtenForm="word250" partOfSpeech="n"/>
      <Sense id="sense-250" synset="synset-250">
        <Definition>This is definition 250</Definition>
      </Sense>
    </LexicalEntry>
    <LexicalEntry id="entry-251">
      <Lemma writtenForm="word251" partOfSpeech="n"/>
      <Sense id="sense-251" synset="synset-251">
        <Definition>This is definition 251</Definition>
      </Sense>
    </LexicalEntry>
    <LexicalEntry id="entry-252">
      <Lemma writtenForm="word252" partOfSpeech="n"/>
      <Sense id="sense-252" synset="synset-252">
        <Definition>This is definition 252</Definition>
      </Sense>
    </LexicalEntry>
    <LexicalEntry id="entry-253">
      <Lemma writtenForm="word253" partOfSpeech="n"/>
      <Sense id="sense-253" synset="synset-253">
        <Definition>This is definition 253</Definition>
      </Sense>
    </LexicalEntry>
    <LexicalEntry id="entry-254">
      <Lemma writtenForm="word254" partOfSpeech="n"/>
      <Sense id="sense-254" synset="synset-254">
        <Definition>This is definition 254</Definition>
      </Sense>
    </LexicalEntry>
    <LexicalEntry id="entry-255">
      <Lemma writtenForm="word255" partOfSpeech="n"/>
      <Sense id="sense-255" synset="synset-255">
        <Definition>This is definition 255</Definition>
      </Sense>
    </LexicalEntry>
    <LexicalEntry id="entry-256">
      <Lemma writtenForm="word256" partOfSpeech="n"/>
      <Sense id="sense-256" synset="synset-256">
        <Definition>This is definition 256</Definition>
      </Sense>
    </LexicalEntry>
    <LexicalEntry id="entry-257">
      <Lemma writtenForm="word257" partOfSpeech="n"/>
      <Sense id="sense-257" synset="synset-257">
        <Definition>This is definition 257</Definition>
      </Sense>
    </LexicalEntry>
    <LexicalEntry id="entry-258">
      <Lemma writtenForm="word258" partOfSpeech="n"/>
      <Sense id="sense-258" synset="synset-258">
        <Definition>This is definition 258</Definition>
      </Sense>
    </LexicalEntry>
    <LexicalEntry id="entry-259">
      <Lemma writtenForm="word259" partOfSpeech="n"/>
      <Sense id="sense-259" synset="synset-259">
        <Definition>This is definition 259</Definition>
      </Sense>
    </LexicalEntry>
    <LexicalEntry id="entry-260">
      <Lemma writtenForm="word260" partOfSpeech="n"/>
      <Sense id="sense-260" synset="synset-260">
        <Definition>This is definition 260</Definition>
      </Sense>
    </LexicalEntry>
    <LexicalEntry id="entry-261">
      <Lemma writtenForm="word261" partOfSpeech="n"/>
      <Sense id="sense-261" synset="synset-261">
        <Definition>This is definition 261</Definition>
      </Sense>
    </LexicalEntry>
    <LexicalEntry id="entry-262">
      <Lemma writtenForm="word262" partOfSpeech="n"/>
      <Sense id="sense-262" synset="synset-262">
        <Definition>This is definition 262</Definition>
      </Sense>
    </LexicalEntry>
    <LexicalEntry id="entry-263">
      <Lemma writtenForm="word263" partOfSpeech="n"/>
      <Sense id="sense-263" synset="synset-263">
        <Definition>This is definition 263</Definition>
      </Sense>
    </LexicalEntry>
    <LexicalEntry id="entry-264">
      <Lemma writtenForm="word264" partOfSpeech="n"/>
      <Sense id="sense-264" synset="synset-264">
        <Definition>This is definition 264</Definition>
      </Sense>
    </LexicalEntry>
    <LexicalEntry id="entry-265">
      <Lemma writtenForm="word265" partOfSpeech="n"/>
      <Sense id="sense-265" synset="synset-265">
        <Definition>This is definition 265</Definition>
      </Sense>
    </LexicalEntry>
    <LexicalEntry id="entry-266">
      <Lemma writtenForm="word266" partOfSpeech="n"/>
      <Sense id="sense-266" synset="synset-266">
        <Definition>This is definition 266</Definition>
      </Sense>
    </LexicalEntry>
    <LexicalEntry id="entry-267">
      <Lemma writtenForm="word267" partOfSpeech="n"/>
      <Sense id="sense-267" synset="synset-267">
        <Definition>This is definition 267</Definition>
      </Sense>
    </LexicalEntry>
    <LexicalEntry id="entry-268">
      <Lemma writtenForm="word268" partOfSpeech="n"/>
      <Sense id="sense-268" synset="synset-268">
        <Definition>This is definition 268</Definition>
      </Sense>
    </LexicalEntry>
    <LexicalEntry id="entry-269">
      <Lemma writtenForm="word269" partOfSpeech="n"/>
      <Sense id="sense-269" synset="synset-269">
        <Definition>This is definition 269</Definition>
      </Sense>
    </LexicalEntry>
    <LexicalEntry id="entry-270">
      <Lemma writtenForm="word270" partOfSpeech="n"/>
      <Sense id="sense-270" synset="synset-270">
        <Definition>This is definition 270</Definition>
      </Sense>
    </LexicalEntry>
    <LexicalEntry id="entry-271">
      <Lemma writtenForm="word271" partOfSpeech="n"/>
      <Sense id="sense-271" synset="synset-271">
        <Definition>This is definition 271</Definition>
      </Sense>
    </LexicalEntry>
    <LexicalEntry id="entry-272">
      <Lemma writtenForm="word272" partOfSpeech="n"/>
      <Sense id="sense-272" synset="synset-272">
        <Definition>This is definition 272</Definition>
      </Sense>
    </LexicalEntry>
    <LexicalEntry id="entry-273">
      <Lemma writtenForm="word273" partOfSpeech="n"/>
      <Sense id="sense-273" synset="synset-273">
        <Definition>This is definition 273</Definition>
      </Sense>
    </LexicalEntry>
    <LexicalEntry id="entry-274">
      <Lemma writtenForm="word274" partOfSpeech="n"/>
      <Sense id="sense-274" synset="synset-274">
        <Definition>This is definition 274</Definition>
      </Sense>
    </LexicalEntry>
    <LexicalEntry id="entry-275">
      <Lemma writtenForm="word275" partOfSpeech="n"/>
      <Sense id="sense-275" synset="synset-275">
        <Definition>This is definition 275</Definition>
      </Sense>
    </LexicalEntry>
    <LexicalEntry id="entry-276">
      <Lemma writtenForm="word276" partOfSpeech="n"/>
      <Sense id="sense-276" synset="synset-276">
        <Definition>This is definition 276</Definition>
      </Sense>
    </LexicalEntry>
    <LexicalEntry id="entry-277">
      <Lemma writtenForm="word277" partOfSpeech="n"/>
      <Sense id="sense-277" synset="synset-277">
        <Definition>This is definition 277</Definition>
      </Sense>
    </LexicalEntry>
    <LexicalEntry id="entry-278">
      <Lemma writtenForm="word278" partOfSpeech="n"/>
      <Sense id="sense-278" synset="synset-278">
        <Definition>This is definition 278</Definition>
      </Sense>
    </LexicalEntry>
    <LexicalEntry id="entry-279">
      <Lemma writtenForm="word279" partOfSpeech="n"/>
      <Sense id="sense-279" synset="synset-279">
        <Definition>This is definition 279</Definition>
      </Sense>
    </LexicalEntry>
    <LexicalEntry id="entry-280">
      <Lemma writtenForm="word280" partOfSpeech="n"/>
      <Sense id="sense-280" synset="synset-280">
        <Definition>This is definition 280</Definition>
      </Sense>
    </LexicalEntry>
    <LexicalEntry id="entry-281">
      <Lemma writtenForm="word281" partOfSpeech="n"/>
      <Sense id="sense-281" synset="synset-281">
        <Definition>This is definition 281</Definition>
      </Sense>
    </LexicalEntry>
    <LexicalEntry id="entry-282">
      <Lemma writtenForm="word282" partOfSpeech="n"/>
      <Sense id="sense-282" synset="synset-282">
        <Definition>This is definition 282</Definition>
      </Sense>
    </LexicalEntry>
    <LexicalEntry id="entry-283">
      <Lemma writtenForm="word283" partOfSpeech="n"/>
      <Sense id="sense-283" synset="synset-283">
        <Definition>This is definition 283</Definition>
      </Sense>
    </LexicalEntry>
    <LexicalEntry id="entry-284">
      <Lemma writtenForm="word284" partOfSpeech="n"/>
      <Sense id="sense-284" synset="synset-284">
        <Definition>This is definition 284</Definition>
      </Sense>
    </LexicalEntry>
    <LexicalEntry id="entry-285">
      <Lemma writtenForm="word285" partOfSpeech="n"/>
      <Sense id="sense-285" synset="synset-285">
        <Definition>This is definition 285</Definition>
      </Sense>
    </LexicalEntry>
    <LexicalEntry id="entry-286">
      <Lemma writtenForm="word286" partOfSpeech="n"/>
      <Sense id="sense-286" synset="synset-286">
        <Definition>This is definition 286</Definition>
      </Sense>
    </LexicalEntry>
    <LexicalEntry id="entry-287">
      <Lemma writtenForm="word287" partOfSpeech="n"/>
      <Sense id="sense-287" synset="synset-287">
        <Definition>This is definition 287</Definition>
      </Sense>
    </LexicalEntry>
    <LexicalEntry id="entry-288">
      <Lemma writtenForm="word288" partOfSpeech="n"/>
      <Sense id="sense-288" synset="synset-288">
        <Definition>This is definition 288</Definition>
      </Sense>
    </LexicalEntry>
    <LexicalEntry id="entry-289">
      <Lemma writtenForm="word289" partOfSpeech="n"/>
      <Sense id="sense-289" synset="synset-289">
        <Definition>This is definition 289</Definition>
      </Sense>
    </LexicalEntry>
    <LexicalEntry id="entry-290">
      <Lemma writtenForm="word290" partOfSpeech="n"/>
      <Sense id="sense-290" synset="synset-290">
        <Definition>This is definition 290</Definition>
      </Sense>
    </LexicalEntry>
    <LexicalEntry id="entry-291">
      <Lemma writtenForm="word291" partOfSpeech="n"/>
      <Sense id="sense-291" synset="synset-291">
        <Definition>This is definition 291</Definition>
      </Sense>
    </LexicalEntry>
    <LexicalEntry id="entry-292">
      <Lemma writtenForm="word292" partOfSpeech="n"/>
      <Sense id="sense-292" synset="synset-292">
        <Definition>This is definition 292</Definition>
      </Sense>
    </LexicalEntry>
    <LexicalEntry id="entry-293">
      <Lemma writtenForm="word293" partOfSpeech="n"/>
      <Sense id="sense-293" synset="synset-293">
        <Definition>This is definition 293</Definition>
      </Sense>
    </LexicalEntry>
    <LexicalEntry id="entry-294">
      <Lemma writtenForm="word294" partOfSpeech="n"/>
      <Sense id="sense-294" synset="synset-294">
        <Definition>This is definition 294</Definition>
      </Sense>
    </LexicalEntry>
    <LexicalEntry id="entry-295">
      <Lemma writtenForm="word295" partOfSpeech="n"/>
      <Sense id="sense-295" synset="synset-295">
        <Definition>This is definition 295</Definition>
      </Sense>
    </LexicalEntry>
    <LexicalEntry id="entry-296">
      <Lemma writtenForm="word296" partOfSpeech="n"/>
      <Sense id="sense-296" synset="synset-296">
        <Definition>This is definition 296</Definition>
      </Sense>
    </LexicalEntry>
    <LexicalEntry id="entry-297">
      <Lemma writtenForm="word297" partOfSpeech="n"/>
      <Sense id="sense-297" synset="synset-297">
        <Definition>This is definition 297</Definition>
      </Sense>
    </LexicalEntry>
    <LexicalEntry id="entry-298">
      <Lemma writtenForm="word298" partOfSpeech="n"/>
      <Sense id="sense-298" synset="synset-298">
        <Definition>This is definition 298</Definition>
      </Sense>
    </LexicalEntry>
    <LexicalEntry id="entry-299">
      <Lemma writtenForm="word299" partOfSpeech="n"/>
      <Sense id="sense-299" synset="synset-299">
        <Definition>This is definition 299</Definition>
      </Sense>
    </LexicalEntry>
    <LexicalEntry id="entry-300">
      <Lemma writtenForm="word300" partOfSpeech="n"/>
      <Sense id="sense-300" synset="synset-300">
        <Definition>This is definition 300</Definition>
      </Sense>
    </LexicalEntry>
    <LexicalEntry id="entry-301">
      <Lemma writtenForm="word301" partOfSpeech="n"/>
      <Sense id="sense-301" synset="synset-301">
        <Definition>This is definition 301</Definition>
      </Sense>
    </LexicalEntry>
    <LexicalEntry id="entry-302">
      <Lemma writtenForm="word302" partOfSpeech="n"/>
      <Sense id="sense-302" synset="synset-302">
        <Definition>This is definition 302</Definition>
      </Sense>
    </LexicalEntry>
    <LexicalEntry id="entry-303">
      <Lemma writtenForm="word303" partOfSpeech="n"/>
      <Sense id="sense-303" synset="synset-303">
        <Definition>This is definition 303</Definition>
      </Sense>
    </LexicalEntry>
    <LexicalEntry id="entry-304">
      <Lemma writtenForm="word304" partOfSpeech="n"/>
      <Sense id="sense-304" synset="synset-304">
        <Definition>This is definition 304</Definition>
      </Sense>
    </LexicalEntry>
    <LexicalEntry id="entry-305">
      <Lemma writtenForm="word305" partOfSpeech="n"/>
      <Sense id="sense-305" synset="synset-305">
        <Definition>This is definition 305</Definition>
      </Sense>
    </LexicalEntry>
    <LexicalEntry id="entry-306">
      <Lemma writtenForm="word306" partOfSpeech="n"/>
      <Sense id="sense-306" synset="synset-306">
        <Definition>This is definition 306</Definition>
      </Sense>
    </LexicalEntry>
    <LexicalEntry id="entry-307">
      <Lemma writtenForm="word307" partOfSpeech="n"/>
      <Sense id="sense-307" synset="synset-307">
        <Definition>This is definition 307</Definition>
      </Sense>
    </LexicalEntry>
    <LexicalEntry id="entry-308">
      <Lemma writtenForm="word308" partOfSpeech="n"/>
      <Sense id="sense-308" synset="synset-308">
        <Definition>This is definition 308</Definition>
      </Sense>
    </LexicalEntry>
    <LexicalEntry id="entry-309">
      <Lemma writtenForm="word309" partOfSpeech="n"/>
      <Sense id="sense-309" synset="synset-309">
        <Definition>This is definition 309</Definition>
      </Sense>
    </LexicalEntry>
    <LexicalEntry id="entry-310">
      <Lemma writtenForm="word310" partOfSpeech="n"/>
      <Sense id="sense-310" synset="synset-310">
        <Definition>This is definition 310</Definition>
      </Sense>
    </LexicalEntry>
    <LexicalEntry id="entry-311">
      <Lemma writtenForm="word311" partOfSpeech="n"/>
      <Sense id="sense-311" synset="synset-311">
        <Definition>This is definition 311</Definition>
      </Sense>
    </LexicalEntry>
    <LexicalEntry id="entry-312">
      <Lemma writtenForm="word312" partOfSpeech="n"/>
      <Sense id="sense-312" synset="synset-312">
        <Definition>This is definition 312</Definition>
      </Sense>
    </LexicalEntry>
    <LexicalEntry id="entry-313">
      <Lemma writtenForm="word313" partOfSpeech="n"/>
      <Sense id="sense-313" synset="synset-313">
        <Definition>This is definition 313</Definition>
      </Sense>
    </LexicalEntry>
    <LexicalEntry id="entry-314">
      <Lemma writtenForm="word314" partOfSpeech="n"/>
      <Sense id="sense-314" synset="synset-314">
        <Definition>This is definition 314</Definition>
      </Sense>
    </LexicalEntry>
    <LexicalEntry id="entry-315">
      <Lemma writtenForm="word315" partOfSpeech="n"/>
      <Sense id="sense-315" synset="synset-315">
        <Definition>This is definition 315</Definition>
      </Sense>
    </LexicalEntry>
    <LexicalEntry id="entry-316">
      <Lemma writtenForm="word316" partOfSpeech="n"/>
      <Sense id="sense-316" synset="synset-316">
        <Definition>This is definition 316</Definition>
      </Sense>
    </LexicalEntry>
    <LexicalEntry id="entry-317">
      <Lemma writtenForm="word317" partOfSpeech="n"/>
      <Sense id="sense-317" synset="synset-317">
        <Definition>This is definition 317</Definition>
      </Sense>
    </LexicalEntry>
    <LexicalEntry id="entry-318">
      <Lemma writtenForm="word318" partOfSpeech="n"/>
      <Sense id="sense-318" synset="synset-318">
        <Definition>This is definition 318</Definition>
      </Sense>
    </LexicalEntry>
    <LexicalEntry id="entry-319">
      <Lemma writtenForm="word319" partOfSpeech="n"/>
      <Sense id="sense-319" synset="synset-319">
        <Definition>This is definition 319</Definition>
      </Sense>
    </LexicalEntry>
    <LexicalEntry id="entry-320">
      <Lemma writtenForm="word320" partOfSpeech="n"/>
      <Sense id="sense-320" synset="synset-320">
        <Definition>This is definition 320</Definition>
      </Sense>
    </LexicalEntry>
    <LexicalEntry id="entry-321">
      <Lemma writtenForm="word321" partOfSpeech="n"/>
      <Sense id="sense-321" synset="synset-321">
        <Definition>This is definition 321</Definition>
      </Sense>
    </LexicalEntry>
    <LexicalEntry id="entry-322">
      <Lemma writtenForm="word322" partOfSpeech="n"/>
      <Sense id="sense-322" synset="synset-322">
        <Definition>This is definition 322</Definition>
      </Sense>
    </LexicalEntry>
    <LexicalEntry id="entry-323">
      <Lemma writtenForm="word323" partOfSpeech="n"/>
      <Sense id="sense-323" synset="synset-323">
        <Definition>This is definition 323</Definition>
      </Sense>
    </LexicalEntry>
    <LexicalEntry id="entry-324">
      <Lemma writtenForm="word324" partOfSpeech="n"/>
      <Sense id="sense-324" synset="synset-324">
        <Definition>This is definition 324</Definition>
      </Sense>
    </LexicalEntry>
    <LexicalEntry id="entry-325">
      <Lemma writtenForm="word325" partOfSpeech="n"/>
      <Sense id="sense-325" synset="synset-325">
        <Definition>This is definition 325</Definition>
      </Sense>
    </LexicalEntry>
    <LexicalEntry id="entry-326">
      <Lemma writtenForm="word326" partOfSpeech="n"/>
      <Sense id="sense-326" synset="synset-326">
        <Definition>This is definition 326</Definition>
      </Sense>
    </LexicalEntry>
    <LexicalEntry id="entry-327">
      <Lemma writtenForm="word327" partOfSpeech="n"/>
      <Sense id="sense-327" synset="synset-327">
        <Definition>This is definition 327</Definition>
      </Sense>
    </LexicalEntry>
    <LexicalEntry id="entry-328">
      <Lemma writtenForm="word328" partOfSpeech="n"/>
      <Sense id="sense-328" synset="synset-328">
        <Definition>This is definition 328</Definition>
      </Sense>
    </LexicalEntry>
    <LexicalEntry id="entry-329">
      <Lemma writtenForm="word329" partOfSpeech="n"/>
      <Sense id="sense-329" synset="synset-329">
        <Definition>This is definition 329</Definition>
      </Sense>
    </LexicalEntry>
    <LexicalEntry id="entry-330">
      <Lemma writtenForm="word330" partOfSpeech="n"/>
      <Sense id="sense-330" synset="synset-330">
        <Definition>This is definition 330</Definition>
      </Sense>
    </LexicalEntry>
    <LexicalEntry id="entry-331">
      <Lemma writtenForm="word331" partOfSpeech="n"/>
      <Sense id="sense-331" synset="synset-331">
        <Definition>This is definition 331</Definition>
      </Sense>
    </LexicalEntry>
    <LexicalEntry id="entry-332">
      <Lemma writtenForm="word332" partOfSpeech="n"/>
      <Sense id="sense-332" synset="synset-332">
        <Definition>This is definition 332</Definition>
      </Sense>
    </LexicalEntry>
    <LexicalEntry id="entry-333">
      <Lemma writtenForm="word333" partOfSpeech="n"/>
      <Sense id="sense-333" synset="synset-333">
        <Definition>This is definition 333</Definition>
      </Sense>
    </LexicalEntry>
    <LexicalEntry id="entry-334">
      <Lemma writtenForm="word334" partOfSpeech="n"/>
      <Sense id="sense-334" synset="synset-334">
        <Definition>This is definition 334</Definition>
      </Sense>
    </LexicalEntry>
    <LexicalEntry id="entry-335">
      <Lemma writtenForm="word335" partOfSpeech="n"/>
      <Sense id="sense-335" synset="synset-335">
        <Definition>This is definition 335</Definition>
      </Sense>
    </LexicalEntry>
    <LexicalEntry id="entry-336">
      <Lemma writtenForm="word336" partOfSpeech="n"/>
      <Sense id="sense-336" synset="synset-336">
        <Definition>This is definition 336</Definition>
      </Sense>
    </LexicalEntry>
    <LexicalEntry id="entry-337">
      <Lemma writtenForm="word337" partOfSpeech="n"/>
      <Sense id="sense-337" synset="synset-337">
        <Definition>This is definition 337</Definition>
      </Sense>
    </LexicalEntry>
    <LexicalEntry id="entry-338">
      <Lemma writtenForm="word338" partOfSpeech="n"/>
      <Sense id="sense-338" synset="synset-338">
        <Definition>This is definition 338</Definition>
      </Sense>
    </LexicalEntry>
    <LexicalEntry id="entry-339">
      <Lemma writtenForm="word339" partOfSpeech="n"/>
      <Sense id="sense-339" synset="synset-339">
        <Definition>This is definition 339</Definition>
      </Sense>
    </LexicalEntry>
    <LexicalEntry id="entry-340">
      <Lemma writtenForm="word340" partOfSpeech="n"/>
      <Sense id="sense-340" synset="synset-340">
        <Definition>This is definition 340</Definition>
      </Sense>
    </LexicalEntry>
    <LexicalEntry id="entry-341">
      <Lemma writtenForm="word341" partOfSpeech="n"/>
      <Sense id="sense-341" synset="synset-341">
        <Definition>This is definition 341</Definition>
      </Sense>
    </LexicalEntry>
    <LexicalEntry id="entry-342">
      <Lemma writtenForm="word342" partOfSpeech="n"/>
      <Sense id="sense-342" synset="synset-342">
        <Definition>This is definition 342</Definition>
      </Sense>
    </LexicalEntry>
    <LexicalEntry id="entry-343">
      <Lemma writtenForm="word343" partOfSpeech="n"/>
      <Sense id="sense-343" synset="synset-343">
        <Definition>This is definition 343</Definition>
      </Sense>
    </LexicalEntry>
    <LexicalEntry id="entry-344">
      <Lemma writtenForm="word344" partOfSpeech="n"/>
      <Sense id="sense-344" synset="synset-344">
        <Definition>This is definition 344</Definition>
      </Sense>
    </LexicalEntry>
    <LexicalEntry id="entry-345">
      <Lemma writtenForm="word345" partOfSpeech="n"/>
      <Sense id="sense-345" synset="synset-345">
        <Definition>This is definition 345</Definition>
      </Sense>
    </LexicalEntry>
    <LexicalEntry id="entry-346">
      <Lemma writtenForm="word346" partOfSpeech="n"/>
      <Sense id="sense-346" synset="synset-346">
        <Definition>This is definition 346</Definition>
      </Sense>
    </LexicalEntry>
    <LexicalEntry id="entry-347">
      <Lemma writtenForm="word347" partOfSpeech="n"/>
      <Sense id="sense-347" synset="synset-347">
        <Definition>This is definition 347</Definition>
      </Sense>
    </LexicalEntry>
    <LexicalEntry id="entry-348">
      <Lemma writtenForm="word348" partOfSpeech="n"/>
      <Sense id="sense-348" synset="synset-348">
        <Definition>This is definition 348</Definition>
      </Sense>
    </LexicalEntry>
    <LexicalEntry id="entry-349">
      <Lemma writtenForm="word349" partOfSpeech="n"/>
      <Sense id="sense-349" synset="synset-349">
        <Definition>This is definition 349</Definition>
      </Sense>
    </LexicalEntry>
    <LexicalEntry id="entry-350">
      <Lemma writtenForm="word350" partOfSpeech="n"/>
      <Sense id="sense-350" synset="synset-350">
        <Definition>This is definition 350</Definition>
      </Sense>
    </LexicalEntry>
    <LexicalEntry id="entry-351">
      <Lemma writtenForm="word351" partOfSpeech="n"/>
      <Sense id="sense-351" synset="synset-351">
        <Definition>This is definition 351</Definition>
      </Sense>
    </LexicalEntry>
    <LexicalEntry id="entry-352">
      <Lemma writtenForm="word352" partOfSpeech="n"/>
      <Sense id="sense-352" synset="synset-352">
        <Definition>This is definition 352</Definition>
      </Sense>
    </LexicalEntry>
    <LexicalEntry id="entry-353">
      <Lemma writtenForm="word353" partOfSpeech="n"/>
      <Sense id="sense-353" synset="synset-353">
        <Definition>This is definition 353</Definition>
      </Sense>
    </LexicalEntry>
    <LexicalEntry id="entry-354">
      <Lemma writtenForm="word354" partOfSpeech="n"/>
      <Sense id="sense-354" synset="synset-354">
        <Definition>This is definition 354</Definition>
      </Sense>
    </LexicalEntry>
    <LexicalEntry id="entry-355">
      <Lemma writtenForm="word355" partOfSpeech="n"/>
      <Sense id="sense-355" synset="synset-355">
        <Definition>This is definition 355</Definition>
      </Sense>
    </LexicalEntry>
    <LexicalEntry id="entry-356">
      <Lemma writtenForm="word356" partOfSpeech="n"/>
      <Sense id="sense-356" synset="synset-356">
        <Definition>This is definition 356</Definition>
      </Sense>
    </LexicalEntry>
    <LexicalEntry id="entry-357">
      <Lemma writtenForm="word357" partOfSpeech="n"/>
      <Sense id="sense-357" synset="synset-357">
        <Definition>This is definition 357</Definition>
      </Sense>
    </LexicalEntry>
    <LexicalEntry id="entry-358">
      <Lemma writtenForm="word358" partOfSpeech="n"/>
      <Sense id="sense-358" synset="synset-358">
        <Definition>This is definition 358</Definition>
      </Sense>
    </LexicalEntry>
    <LexicalEntry id="entry-359">
      <Lemma writtenForm="word359" partOfSpeech="n"/>
      <Sense id="sense-359" synset="synset-359">
        <Definition>This is definition 359</Definition>
      </Sense>
    </LexicalEntry>
    <LexicalEntry id="entry-360">
      <Lemma writtenForm="word360" partOfSpeech="n"/>
      <Sense id="sense-360" synset="synset-360">
        <Definition>This is definition 360</Definition>
      </Sense>
    </LexicalEntry>
    <LexicalEntry id="entry-361">
      <Lemma writtenForm="word361" partOfSpeech="n"/>
      <Sense id="sense-361" synset="synset-361">
        <Definition>This is definition 361</Definition>
      </Sense>
    </LexicalEntry>
    <LexicalEntry id="entry-362">
      <Lemma writtenForm="word362" partOfSpeech="n"/>
      <Sense id="sense-362" synset="synset-362">
        <Definition>This is definition 362</Definition>
      </Sense>
    </LexicalEntry>
    <LexicalEntry id="entry-363">
      <Lemma writtenForm="word363" partOfSpeech="n"/>
      <Sense id="sense-363" synset="synset-363">
        <Definition>This is definition 363</Definition>
      </Sense>
    </LexicalEntry>
    <LexicalEntry id="entry-364">
      <Lemma writtenForm="word364" partOfSpeech="n"/>
      <Sense id="sense-364" synset="synset-364">
        <Definition>This is definition 364</Definition>
      </Sense>
    </LexicalEntry>
    <LexicalEntry id="entry-365">
      <Lemma writtenForm="word365" partOfSpeech="n"/>
      <Sense id="sense-365" synset="synset-365">
        <Definition>This is definition 365</Definition>
      </Sense>
    </LexicalEntry>
    <LexicalEntry id="entry-366">
      <Lemma writtenForm="word366" partOfSpeech="n"/>
      <Sense id="sense-366" synset="synset-366">
        <Definition>This is definition 366</Definition>
      </Sense>
    </LexicalEntry>
    <LexicalEntry id="entry-367">
      <Lemma writtenForm="word367" partOfSpeech="n"/>
      <Sense id="sense-367" synset="synset-367">
        <Definition>This is definition 367</Definition>
      </Sense>
    </LexicalEntry>
    <LexicalEntry id="entry-368">
      <Lemma writtenForm="word368" partOfSpeech="n"/>
      <Sense id="sense-368" synset="synset-368">
        <Definition>This is definition 368</Definition>
      </Sense>
    </LexicalEntry>
    <LexicalEntry id="entry-369">
      <Lemma writtenForm="word369" partOfSpeech="n"/>
      <Sense id="sense-369" synset="synset-369">
        <Definition>This is definition 369</Definition>
      </Sense>
    </LexicalEntry>
    <LexicalEntry id="entry-370">
      <Lemma writtenForm="word370" partOfSpeech="n"/>
      <Sense id="sense-370" synset="synset-370">
        <Definition>This is definition 370</Definition>
      </Sense>
    </LexicalEntry>
    <LexicalEntry id="entry-371">
      <Lemma writtenForm="word371" partOfSpeech="n"/>
      <Sense id="sense-371" synset="synset-371">
        <Definition>This is definition 371</Definition>
      </Sense>
    </LexicalEntry>
    <LexicalEntry id="entry-372">
      <Lemma writtenForm="word372" partOfSpeech="n"/>
      <Sense id="sense-372" synset="synset-372">
        <Definition>This is definition 372</Definition>
      </Sense>
    </LexicalEntry>
    <LexicalEntry id="entry-373">
      <Lemma writtenForm="word373" partOfSpeech="n"/>
      <Sense id="sense-373" synset="synset-373">
        <Definition>This is definition 373</Definition>
      </Sense>
    </LexicalEntry>
    <LexicalEntry id="entry-374">
      <Lemma writtenForm="word374" partOfSpeech="n"/>
      <Sense id="sense-374" synset="synset-374">
        <Definition>This is definition 374</Definition>
      </Sense>
    </LexicalEntry>
    <LexicalEntry id="entry-375">
      <Lemma writtenForm="word375" partOfSpeech="n"/>
      <Sense id="sense-375" synset="synset-375">
        <Definition>This is definition 375</Definition>
      </Sense>
    </LexicalEntry>
    <LexicalEntry id="entry-376">
      <Lemma writtenForm="word376" partOfSpeech="n"/>
      <Sense id="sense-376" synset="synset-376">
        <Definition>This is definition 376</Definition>
      </Sense>
    </LexicalEntry>
    <LexicalEntry id="entry-377">
      <Lemma writtenForm="word377" partOfSpeech="n"/>
      <Sense id="sense-377" synset="synset-377">
        <Definition>This is definition 377</Definition>
      </Sense>
    </LexicalEntry>
    <LexicalEntry id="entry-378">
      <Lemma writtenForm="word378" partOfSpeech="n"/>
      <Sense id="sense-378" synset="synset-378">
        <Definition>This is definition 378</Definition>
      </Sense>
    </LexicalEntry>
    <LexicalEntry id="entry-379">
      <Lemma writtenForm="word379" partOfSpeech="n"/>
      <Sense id="sense-379" synset="synset-379">
        <Definition>This is definition 379</Definition>
      </Sense>
    </LexicalEntry>
    <LexicalEntry id="entry-380">
      <Lemma writtenForm="word380" partOfSpeech="n"/>
      <Sense id="sense-380" synset="synset-380">
        <Definition>This is definition 380</Definition>
      </Sense>
    </LexicalEntry>
    <LexicalEntry id="entry-381">
      <Lemma writtenForm="word381" partOfSpeech="n"/>
      <Sense id="sense-381" synset="synset-381">
        <Definition>This is definition 381</Definition>
      </Sense>
    </LexicalEntry>
    <LexicalEntry id="entry-382">
      <Lemma writtenForm="word382" partOfSpeech="n"/>
      <Sense id="sense-382" synset="synset-382">
        <Definition>This is definition 382</Definition>
      </Sense>
    </LexicalEntry>
    <LexicalEntry id="entry-383">
      <Lemma writtenForm="word383" partOfSpeech="n"/>
      <Sense id="sense-383" synset="synset-383">
        <Definition>This is definition 383</Definition>
      </Sense>
    </LexicalEntry>
    <LexicalEntry id="entry-384">
      <Lemma writtenForm="word384" partOfSpeech="n"/>
      <Sense id="sense-384" synset="synset-384">
        <Definition>This is definition 384</Definition>
      </Sense>
    </LexicalEntry>
    <LexicalEntry id="entry-385">
      <Lemma writtenForm="word385" partOfSpeech="n"/>
      <Sense id="sense-385" synset="synset-385">
        <Definition>This is definition 385</Definition>
      </Sense>
    </LexicalEntry>
    <LexicalEntry id="entry-386">
      <Lemma writtenForm="word386" partOfSpeech="n"/>
      <Sense id="sense-386" synset="synset-386">
        <Definition>This is definition 386</Definition>
      </Sense>
    </LexicalEntry>
    <LexicalEntry id="entry-387">
      <Lemma writtenForm="word387" partOfSpeech="n"/>
      <Sense id="sense-387" synset="synset-387">
        <Definition>This is definition 387</Definition>
      </Sense>
    </LexicalEntry>
    <LexicalEntry id="entry-388">
      <Lemma writtenForm="word388" partOfSpeech="n"/>
      <Sense id="sense-388" synset="synset-388">
        <Definition>This is definition 388</Definition>
      </Sense>
    </LexicalEntry>
    <LexicalEntry id="entry-389">
      <Lemma writtenForm="word389" partOfSpeech="n"/>
      <Sense id="sense-389" synset="synset-389">
        <Definition>This is definition 389</Definition>
      </Sense>
    </LexicalEntry>
    <LexicalEntry id="entry-390">
      <Lemma writtenForm="word390" partOfSpeech="n"/>
      <Sense id="sense-390" synset="synset-390">
        <Definition>This is definition 390</Definition>
      </Sense>
    </LexicalEntry>
    <LexicalEntry id="entry-391">
      <Lemma writtenForm="word391" partOfSpeech="n"/>
      <Sense id="sense-391" synset="synset-391">
        <Definition>This is definition 391</Definition>
      </Sense>
    </LexicalEntry>
    <LexicalEntry id="entry-392">
      <Lemma writtenForm="word392" partOfSpeech="n"/>
      <Sense id="sense-392" synset="synset-392">
        <Definition>This is definition 392</Definition>
      </Sense>
    </LexicalEntry>
    <LexicalEntry id="entry-393">
      <Lemma writtenForm="word393" partOfSpeech="n"/>
      <Sense id="sense-393" synset="synset-393">
        <Definition>This is definition 393</Definition>
      </Sense>
    </LexicalEntry>
    <LexicalEntry id="entry-394">
      <Lemma writtenForm="word394" partOfSpeech="n"/>
      <Sense id="sense-394" synset="synset-394">
        <Definition>This is definition 394</Definition>
      </Sense>
    </LexicalEntry>
    <LexicalEntry id="entry-395">
      <Lemma writtenForm="word395" partOfSpeech="n"/>
      <Sense id="sense-395" synset="synset-395">
        <Definition>This is definition 395</Definition>
      </Sense>
    </LexicalEntry>
    <LexicalEntry id="entry-396">
      <Lemma writtenForm="word396" partOfSpeech="n"/>
      <Sense id="sense-396" synset="synset-396">
        <Definition>This is definition 396</Definition>
      </Sense>
    </LexicalEntry>
    <LexicalEntry id="entry-397">
      <Lemma writtenForm="word397" partOfSpeech="n"/>
      <Sense id="sense-397" synset="synset-397">
        <Definition>This is definition 397</Definition>
      </Sense>
    </LexicalEntry>
    <LexicalEntry id="entry-398">
      <Lemma writtenForm="word398" partOfSpeech="n"/>
      <Sense id="sense-398" synset="synset-398">
        <Definition>This is definition 398</Definition>
      </Sense>
    </LexicalEntry>
    <LexicalEntry id="entry-399">
      <Lemma writtenForm="word399" partOfSpeech="n"/>
      <Sense id="sense-399" synset="synset-399">
        <Definition>This is definition 399</Definition>
      </Sense>
    </LexicalEntry>
    <LexicalEntry id="entry-400">
      <Lemma writtenForm="word400" partOfSpeech="n"/>
      <Sense id="sense-400" synset="synset-400">
        <Definition>This is definition 400</Definition>
      </Sense>
    </LexicalEntry>
    <LexicalEntry id="entry-401">
      <Lemma writtenForm="word401" partOfSpeech="n"/>
      <Sense id="sense-401" synset="synset-401">
        <Definition>This is definition 401</Definition>
      </Sense>
    </LexicalEntry>
    <LexicalEntry id="entry-402">
      <Lemma writtenForm="word402" partOfSpeech="n"/>
      <Sense id="sense-402" synset="synset-402">
        <Definition>This is definition 402</Definition>
      </Sense>
    </LexicalEntry>
    <LexicalEntry id="entry-403">
      <Lemma writtenForm="word403" partOfSpeech="n"/>
      <Sense id="sense-403" synset="synset-403">
        <Definition>This is definition 403</Definition>
      </Sense>
    </LexicalEntry>
    <LexicalEntry id="entry-404">
      <Lemma writtenForm="word404" partOfSpeech="n"/>
      <Sense id="sense-404" synset="synset-404">
        <Definition>This is definition 404</Definition>
      </Sense>
    </LexicalEntry>
    <LexicalEntry id="entry-405">
      <Lemma writtenForm="word405" partOfSpeech="n"/>
      <Sense id="sense-405" synset="synset-405">
        <Definition>This is definition 405</Definition>
      </Sense>
    </LexicalEntry>
    <LexicalEntry id="entry-406">
      <Lemma writtenForm="word406" partOfSpeech="n"/>
      <Sense id="sense-406" synset="synset-406">
        <Definition>This is definition 406</Definition>
      </Sense>
    </LexicalEntry>
    <LexicalEntry id="entry-407">
      <Lemma writtenForm="word407" partOfSpeech="n"/>
      <Sense id="sense-407" synset="synset-407">
        <Definition>This is definition 407</Definition>
      </Sense>
    </LexicalEntry>
    <LexicalEntry id="entry-408">
      <Lemma writtenForm="word408" partOfSpeech="n"/>
      <Sense id="sense-408" synset="synset-408">
        <Definition>This is definition 408</Definition>
      </Sense>
    </LexicalEntry>
    <LexicalEntry id="entry-409">
      <Lemma writtenForm="word409" partOfSpeech="n"/>
      <Sense id="sense-409" synset="synset-409">
        <Definition>This is definition 409</Definition>
      </Sense>
    </LexicalEntry>
    <LexicalEntry id="entry-410">
      <Lemma writtenForm="word410" partOfSpeech="n"/>
      <Sense id="sense-410" synset="synset-410">
        <Definition>This is definition 410</Definition>
      </Sense>
    </LexicalEntry>
    <LexicalEntry id="entry-411">
      <Lemma writtenForm="word411" partOfSpeech="n"/>
      <Sense id="sense-411" synset="synset-411">
        <Definition>This is definition 411</Definition>
      </Sense>
    </LexicalEntry>
    <LexicalEntry id="entry-412">
      <Lemma writtenForm="word412" partOfSpeech="n"/>
      <Sense id="sense-412" synset="synset-412">
        <Definition>This is definition 412</Definition>
      </Sense>
    </LexicalEntry>
    <LexicalEntry id="entry-413">
      <Lemma writtenForm="word413" partOfSpeech="n"/>
      <Sense id="sense-413" synset="synset-413">
        <Definition>This is definition 413</Definition>
      </Sense>
    </LexicalEntry>
    <LexicalEntry id="entry-414">
      <Lemma writtenForm="word414" partOfSpeech="n"/>
      <Sense id="sense-414" synset="synset-414">
        <Definition>This is definition 414</Definition>
      </Sense>
    </LexicalEntry>
    <LexicalEntry id="entry-415">
      <Lemma writtenForm="word415" partOfSpeech="n"/>
      <Sense id="sense-415" synset="synset-415">
        <Definition>This is definition 415</Definition>
      </Sense>
    </LexicalEntry>
    <LexicalEntry id="entry-416">
      <Lemma writtenForm="word416" partOfSpeech="n"/>
      <Sense id="sense-416" synset="synset-416">
        <Definition>This is definition 416</Definition>
      </Sense>
    </LexicalEntry>
    <LexicalEntry id="entry-417">
      <Lemma writtenForm="word417" partOfSpeech="n"/>
      <Sense id="sense-417" synset="synset-417">
        <Definition>This is definition 417</Definition>
      </Sense>
    </LexicalEntry>
    <LexicalEntry id="entry-418">
      <Lemma writtenForm="word418" partOfSpeech="n"/>
      <Sense id="sense-418" synset="synset-418">
        <Definition>This is definition 418</Definition>
      </Sense>
    </LexicalEntry>
    <LexicalEntry id="entry-419">
      <Lemma writtenForm="word419" partOfSpeech="n"/>
      <Sense id="sense-419" synset="synset-419">
        <Definition>This is definition 419</Definition>
      </Sense>
    </LexicalEntry>
    <LexicalEntry id="entry-420">
      <Lemma writtenForm="word420" partOfSpeech="n"/>
      <Sense id="sense-420" synset="synset-420">
        <Definition>This is definition 420</Definition>
      </Sense>
    </LexicalEntry>
    <LexicalEntry id="entry-421">
      <Lemma writtenForm="word421" partOfSpeech="n"/>
      <Sense id="sense-421" synset="synset-421">
        <Definition>This is definition 421</Definition>
      </Sense>
    </LexicalEntry>
    <LexicalEntry id="entry-422">
      <Lemma writtenForm="word422" partOfSpeech="n"/>
      <Sense id="sense-422" synset="synset-422">
        <Definition>This is definition 422</Definition>
      </Sense>
    </LexicalEntry>
    <LexicalEntry id="entry-423">
      <Lemma writtenForm="word423" partOfSpeech="n"/>
      <Sense id="sense-423" synset="synset-423">
        <Definition>This is definition 423</Definition>
      </Sense>
    </LexicalEntry>
    <LexicalEntry id="entry-424">
      <Lemma writtenForm="word424" partOfSpeech="n"/>
      <Sense id="sense-424" synset="synset-424">
        <Definition>This is definition 424</Definition>
      </Sense>
    </LexicalEntry>
    <LexicalEntry id="entry-425">
      <Lemma writtenForm="word425" partOfSpeech="n"/>
      <Sense id="sense-425" synset="synset-425">
        <Definition>This is definition 425</Definition>
      </Sense>
    </LexicalEntry>
    <LexicalEntry id="entry-426">
      <Lemma writtenForm="word426" partOfSpeech="n"/>
      <Sense id="sense-426" synset="synset-426">
        <Definition>This is definition 426</Definition>
      </Sense>
    </LexicalEntry>
    <LexicalEntry id="entry-427">
      <Lemma writtenForm="word427" partOfSpeech="n"/>
      <Sense id="sense-427" synset="synset-427">
        <Definition>This is definition 427</Definition>
      </Sense>
    </LexicalEntry>
    <LexicalEntry id="entry-428">
      <Lemma writtenForm="word428" partOfSpeech="n"/>
      <Sense id="sense-428" synset="synset-428">
        <Definition>This is definition 428</Definition>
      </Sense>
    </LexicalEntry>
    <LexicalEntry id="entry-429">
      <Lemma writtenForm="word429" partOfSpeech="n"/>
      <Sense id="sense-429" synset="synset-429">
        <Definition>This is definition 429</Definition>
      </Sense>
    </LexicalEntry>
    <LexicalEntry id="entry-430">
      <Lemma writtenForm="word430" partOfSpeech="n"/>
      <Sense id="sense-430" synset="synset-430">
        <Definition>This is definition 430</Definition>
      </Sense>
    </LexicalEntry>
    <LexicalEntry id="entry-431">
      <Lemma writtenForm="word431" partOfSpeech="n"/>
      <Sense id="sense-431" synset="synset-431">
        <Definition>This is definition 431</Definition>
      </Sense>
    </LexicalEntry>
    <LexicalEntry id="entry-432">
      <Lemma writtenForm="word432" partOfSpeech="n"/>
      <Sense id="sense-432" synset="synset-432">
        <Definition>This is definition 432</Definition>
      </Sense>
    </LexicalEntry>
    <LexicalEntry id="entry-433">
      <Lemma writtenForm="word433" partOfSpeech="n"/>
      <Sense id="sense-433" synset="synset-433">
        <Definition>This is definition 433</Definition>
      </Sense>
    </LexicalEntry>
    <LexicalEntry id="entry-434">
      <Lemma writtenForm="word434" partOfSpeech="n"/>
      <Sense id="sense-434" synset="synset-434">
        <Definition>This is definition 434</Definition>
      </Sense>
    </LexicalEntry>
    <LexicalEntry id="entry-435">
      <Lemma writtenForm="word435" partOfSpeech="n"/>
      <Sense id="sense-435" synset="synset-435">
        <Definition>This is definition 435</Definition>
      </Sense>
    </LexicalEntry>
    <LexicalEntry id="entry-436">
      <Lemma writtenForm="word436" partOfSpeech="n"/>
      <Sense id="sense-436" synset="synset-436">
        <Definition>This is definition 436</Definition>
      </Sense>
    </LexicalEntry>
    <LexicalEntry id="entry-437">
      <Lemma writtenForm="word437" partOfSpeech="n"/>
      <Sense id="sense-437" synset="synset-437">
        <Definition>This is definition 437</Definition>
      </Sense>
    </LexicalEntry>
    <LexicalEntry id="entry-438">
      <Lemma writtenForm="word438" partOfSpeech="n"/>
      <Sense id="sense-438" synset="synset-438">
        <Definition>This is definition 438</Definition>
      </Sense>
    </LexicalEntry>
    <LexicalEntry id="entry-439">
      <Lemma writtenForm="word439" partOfSpeech="n"/>
      <Sense id="sense-439" synset="synset-439">
        <Definition>This is definition 439</Definition>
      </Sense>
    </LexicalEntry>
    <LexicalEntry id="entry-440">
      <Lemma writtenForm="word440" partOfSpeech="n"/>
      <Sense id="sense-440" synset="synset-440">
        <Definition>This is definition 440</Definition>
      </Sense>
    </LexicalEntry>
    <LexicalEntry id="entry-441">
      <Lemma writtenForm="word441" partOfSpeech="n"/>
      <Sense id="sense-441" synset="synset-441">
        <Definition>This is definition 441</Definition>
      </Sense>
    </LexicalEntry>
    <LexicalEntry id="entry-442">
      <Lemma writtenForm="word442" partOfSpeech="n"/>
      <Sense id="sense-442" synset="synset-442">
        <Definition>This is definition 442</Definition>
      </Sense>
    </LexicalEntry>
    <LexicalEntry id="entry-443">
      <Lemma writtenForm="word443" partOfSpeech="n"/>
      <Sense id="sense-443" synset="synset-443">
        <Definition>This is definition 443</Definition>
      </Sense>
    </LexicalEntry>
    <LexicalEntry id="entry-444">
      <Lemma writtenForm="word444" partOfSpeech="n"/>
      <Sense id="sense-444" synset="synset-444">
        <Definition>This is definition 444</Definition>
      </Sense>
    </LexicalEntry>
    <LexicalEntry id="entry-445">
      <Lemma writtenForm="word445" partOfSpeech="n"/>
      <Sense id="sense-445" synset="synset-445">
        <Definition>This is definition 445</Definition>
      </Sense>
    </LexicalEntry>
    <LexicalEntry id="entry-446">
      <Lemma writtenForm="word446" partOfSpeech="n"/>
      <Sense id="sense-446" synset="synset-446">
        <Definition>This is definition 446</Definition>
      </Sense>
    </LexicalEntry>
    <LexicalEntry id="entry-447">
      <Lemma writtenForm="word447" partOfSpeech="n"/>
      <Sense id="sense-447" synset="synset-447">
        <Definition>This is definition 447</Definition>
      </Sense>
    </LexicalEntry>
    <LexicalEntry id="entry-448">
      <Lemma writtenForm="word448" partOfSpeech="n"/>
      <Sense id="sense-448" synset="synset-448">
        <Definition>This is definition 448</Definition>
      </Sense>
    </LexicalEntry>
    <LexicalEntry id="entry-449">
      <Lemma writtenForm="word449" partOfSpeech="n"/>
      <Sense id="sense-449" synset="synset-449">
        <Definition>This is definition 449</Definition>
      </Sense>
    </LexicalEntry>
    <LexicalEntry id="entry-450">
      <Lemma writtenForm="word450" partOfSpeech="n"/>
      <Sense id="sense-450" synset="synset-450">
        <Definition>This is definition 450</Definition>
      </Sense>
    </LexicalEntry>
    <LexicalEntry id="entry-451">
      <Lemma writtenForm="word451" partOfSpeech="n"/>
      <Sense id="sense-451" synset="synset-451">
        <Definition>This is definition 451</Definition>
      </Sense>
    </LexicalEntry>
    <LexicalEntry id="entry-452">
      <Lemma writtenForm="word452" partOfSpeech="n"/>
      <Sense id="sense-452" synset="synset-452">
        <Definition>This is definition 452</Definition>
      </Sense>
    </LexicalEntry>
    <LexicalEntry id="entry-453">
      <Lemma writtenForm="word453" partOfSpeech="n"/>
      <Sense id="sense-453" synset="synset-453">
        <Definition>This is definition 453</Definition>
      </Sense>
    </LexicalEntry>
    <LexicalEntry id="entry-454">
      <Lemma writtenForm="word454" partOfSpeech="n"/>
      <Sense id="sense-454" synset="synset-454">
        <Definition>This is definition 454</Definition>
      </Sense>
    </LexicalEntry>
    <LexicalEntry id="entry-455">
      <Lemma writtenForm="word455" partOfSpeech="n"/>
      <Sense id="sense-455" synset="synset-455">
        <Definition>This is definition 455</Definition>
      </Sense>
    </LexicalEntry>
    <LexicalEntry id="entry-456">
      <Lemma writtenForm="word456" partOfSpeech="n"/>
      <Sense id="sense-456" synset="synset-456">
        <Definition>This is definition 456</Definition>
      </Sense>
    </LexicalEntry>
    <LexicalEntry id="entry-457">
      <Lemma writtenForm="word457" partOfSpeech="n"/>
      <Sense id="sense-457" synset="synset-457">
        <Definition>This is definition 457</Definition>
      </Sense>
    </LexicalEntry>
    <LexicalEntry id="entry-458">
      <Lemma writtenForm="word458" partOfSpeech="n"/>
      <Sense id="sense-458" synset="synset-458">
        <Definition>This is definition 458</Definition>
      </Sense>
    </LexicalEntry>
    <LexicalEntry id="entry-459">
      <Lemma writtenForm="word459" partOfSpeech="n"/>
      <Sense id="sense-459" synset="synset-459">
        <Definition>This is definition 459</Definition>
      </Sense>
    </LexicalEntry>
    <LexicalEntry id="entry-460">
      <Lemma writtenForm="word460" partOfSpeech="n"/>
      <Sense id="sense-460" synset="synset-460">
        <Definition>This is definition 460</Definition>
      </Sense>
    </LexicalEntry>
    <LexicalEntry id="entry-461">
      <Lemma writtenForm="word461" partOfSpeech="n"/>
      <Sense id="sense-461" synset="synset-461">
        <Definition>This is definition 461</Definition>
      </Sense>
    </LexicalEntry>
    <LexicalEntry id="entry-462">
      <Lemma writtenForm="word462" partOfSpeech="n"/>
      <Sense id="sense-462" synset="synset-462">
        <Definition>This is definition 462</Definition>
      </Sense>
    </LexicalEntry>
    <LexicalEntry id="entry-463">
      <Lemma writtenForm="word463" partOfSpeech="n"/>
      <Sense id="sense-463" synset="synset-463">
        <Definition>This is definition 463</Definition>
      </Sense>
    </LexicalEntry>
    <LexicalEntry id="entry-464">
      <Lemma writtenForm="word464" partOfSpeech="n"/>
      <Sense id="sense-464" synset="synset-464">
        <Definition>This is definition 464</Definition>
      </Sense>
    </LexicalEntry>
    <LexicalEntry id="entry-465">
      <Lemma writtenForm="word465" partOfSpeech="n"/>
      <Sense id="sense-465" synset="synset-465">
        <Definition>This is definition 465</Definition>
      </Sense>
    </LexicalEntry>
    <LexicalEntry id="entry-466">
      <Lemma writtenForm="word466" partOfSpeech="n"/>
      <Sense id="sense-466" synset="synset-466">
        <Definition>This is definition 466</Definition>
      </Sense>
    </LexicalEntry>
    <LexicalEntry id="entry-467">
      <Lemma writtenForm="word467" partOfSpeech="n"/>
      <Sense id="sense-467" synset="synset-467">
        <Definition>This is definition 467</Definition>
      </Sense>
    </LexicalEntry>
    <LexicalEntry id="entry-468">
      <Lemma writtenForm="word468" partOfSpeech="n"/>
      <Sense id="sense-468" synset="synset-468">
        <Definition>This is definition 468</Definition>
      </Sense>
    </LexicalEntry>
    <LexicalEntry id="entry-469">
      <Lemma writtenForm="word469" partOfSpeech="n"/>
      <Sense id="sense-469" synset="synset-469">
        <Definition>This is definition 469</Definition>
      </Sense>
    </LexicalEntry>
    <LexicalEntry id="entry-470">
      <Lemma writtenForm="word470" partOfSpeech="n"/>
      <Sense id="sense-470" synset="synset-470">
        <Definition>This is definition 470</Definition>
      </Sense>
    </LexicalEntry>
    <LexicalEntry id="entry-471">
      <Lemma writtenForm="word471" partOfSpeech="n"/>
      <Sense id="sense-471" synset="synset-471">
        <Definition>This is definition 471</Definition>
      </Sense>
    </LexicalEntry>
    <LexicalEntry id="entry-472">
      <Lemma writtenForm="word472" partOfSpeech="n"/>
      <Sense id="sense-472" synset="synset-472">
        <Definition>This is definition 472</Definition>
      </Sense>
    </LexicalEntry>
    <LexicalEntry id="entry-473">
      <Lemma writtenForm="word473" partOfSpeech="n"/>
      <Sense id="sense-473" synset="synset-473">
        <Definition>This is definition 473</Definition>
      </Sense>
    </LexicalEntry>
    <LexicalEntry id="entry-474">
      <Lemma writtenForm="word474" partOfSpeech="n"/>
      <Sense id="sense-474" synset="synset-474">
        <Definition>This is definition 474</Definition>
      </Sense>
    </LexicalEntry>
    <LexicalEntry id="entry-475">
      <Lemma writtenForm="word475" partOfSpeech="n"/>
      <Sense id="sense-475" synset="synset-475">
        <Definition>This is definition 475</Definition>
      </Sense>
    </LexicalEntry>
    <LexicalEntry id="entry-476">
      <Lemma writtenForm="word476" partOfSpeech="n"/>
      <Sense id="sense-476" synset="synset-476">
        <Definition>This is definition 476</Definition>
      </Sense>
    </LexicalEntry>
    <LexicalEntry id="entry-477">
      <Lemma writtenForm="word477" partOfSpeech="n"/>
      <Sense id="sense-477" synset="synset-477">
        <Definition>This is definition 477</Definition>
      </Sense>
    </LexicalEntry>
    <LexicalEntry id="entry-478">
      <Lemma writtenForm="word478" partOfSpeech="n"/>
      <Sense id="sense-478" synset="synset-478">
        <Definition>This is definition 478</Definition>
      </Sense>
    </LexicalEntry>
    <LexicalEntry id="entry-479">
      <Lemma writtenForm="word479" partOfSpeech="n"/>
      <Sense id="sense-479" synset="synset-479">
        <Definition>This is definition 479</Definition>
      </Sense>
    </LexicalEntry>
    <LexicalEntry id="entry-480">
      <Lemma writtenForm="word480" partOfSpeech="n"/>
      <Sense id="sense-480" synset="synset-480">
        <Definition>This is definition 480</Definition>
      </Sense>
    </LexicalEntry>
    <LexicalEntry id="entry-481">
      <Lemma writtenForm="word481" partOfSpeech="n"/>
      <Sense id="sense-481" synset="synset-481">
        <Definition>This is definition 481</Definition>
      </Sense>
    </LexicalEntry>
    <LexicalEntry id="entry-482">
      <Lemma writtenForm="word482" partOfSpeech="n"/>
      <Sense id="sense-482" synset="synset-482">
        <Definition>This is definition 482</Definition>
      </Sense>
    </LexicalEntry>
    <LexicalEntry id="entry-483">
      <Lemma writtenForm="word483" partOfSpeech="n"/>
      <Sense id="sense-483" synset="synset-483">
        <Definition>This is definition 483</Definition>
      </Sense>
    </LexicalEntry>
    <LexicalEntry id="entry-484">
      <Lemma writtenForm="word484" partOfSpeech="n"/>
      <Sense id="sense-484" synset="synset-484">
        <Definition>This is definition 484</Definition>
      </Sense>
    </LexicalEntry>
    <LexicalEntry id="entry-485">
      <Lemma writtenForm="word485" partOfSpeech="n"/>
      <Sense id="sense-485" synset="synset-485">
        <Definition>This is definition 485</Definition>
      </Sense>
    </LexicalEntry>
    <LexicalEntry id="entry-486">
      <Lemma writtenForm="word486" partOfSpeech="n"/>
      <Sense id="sense-486" synset="synset-486">
        <Definition>This is definition 486</Definition>
      </Sense>
    </LexicalEntry>
    <LexicalEntry id="entry-487">
      <Lemma writtenForm="word487" partOfSpeech="n"/>
      <Sense id="sense-487" synset="synset-487">
        <Definition>This is definition 487</Definition>
      </Sense>
    </LexicalEntry>
    <LexicalEntry id="entry-488">
      <Lemma writtenForm="word488" partOfSpeech="n"/>
      <Sense id="sense-488" synset="synset-488">
        <Definition>This is definition 488</Definition>
      </Sense>
    </LexicalEntry>
    <LexicalEntry id="entry-489">
      <Lemma writtenForm="word489" partOfSpeech="n"/>
      <Sense id="sense-489" synset="synset-489">
        <Definition>This is definition 489</Definition>
      </Sense>
    </LexicalEntry>
    <LexicalEntry id="entry-490">
      <Lemma writtenForm="word490" partOfSpeech="n"/>
      <Sense id="sense-490" synset="synset-490">
        <Definition>This is definition 490</Definition>
      </Sense>
    </LexicalEntry>
    <LexicalEntry id="entry-491">
      <Lemma writtenForm="word491" partOfSpeech="n"/>
      <Sense id="sense-491" synset="synset-491">
        <Definition>This is definition 491</Definition>
      </Sense>
    </LexicalEntry>
    <LexicalEntry id="entry-492">
      <Lemma writtenForm="word492" partOfSpeech="n"/>
      <Sense id="sense-492" synset="synset-492">
        <Definition>This is definition 492</Definition>
      </Sense>
    </LexicalEntry>
    <LexicalEntry id="entry-493">
      <Lemma writtenForm="word493" partOfSpeech="n"/>
      <Sense id="sense-493" synset="synset-493">
        <Definition>This is definition 493</Definition>
      </Sense>
    </LexicalEntry>
    <LexicalEntry id="entry-494">
      <Lemma writtenForm="word494" partOfSpeech="n"/>
      <Sense id="sense-494" synset="synset-494">
        <Definition>This is definition 494</Definition>
      </Sense>
    </LexicalEntry>
    <LexicalEntry id="entry-495">
      <Lemma writtenForm="word495" partOfSpeech="n"/>
      <Sense id="sense-495" synset="synset-495">
        <Definition>This is definition 495</Definition>
      </Sense>
    </LexicalEntry>
    <LexicalEntry id="entry-496">
      <Lemma writtenForm="word496" partOfSpeech="n"/>
      <Sense id="sense-496" synset="synset-496">
        <Definition>This is definition 496</Definition>
      </Sense>
    </LexicalEntry>
    <LexicalEntry id="entry-497">
      <Lemma writtenForm="word497" partOfSpeech="n"/>
      <Sense id="sense-497" synset="synset-497">
        <Definition>This is definition 497</Definition>
      </Sense>
    </LexicalEntry>
    <LexicalEntry id="entry-498">
      <Lemma writtenForm="word498" partOfSpeech="n"/>
      <Sense id="sense-498" synset="synset-498">
        <Definition>This is definition 498</Definition>
      </Sense>
    </LexicalEntry>
    <LexicalEntry id="entry-499">
      <Lemma writtenForm="word499" partOfSpeech="n"/>
      <Sense id="sense-499" synset="synset-499">
        <Definition>This is definition 499</Definition>
      </Sense>
    </LexicalEntry>
    <LexicalEntry id="entry-500">
      <Lemma writtenForm="word500" partOfSpeech="n"/>
      <Sense id="sense-500" synset="synset-500">
        <Definition>This is definition 500</Definition>
      </Sense>
    </LexicalEntry>
    <Synset id="synset-1" partOfSpeech="n">
      <Definition>Synset definition 1</Definition>
    </Synset>
    <Synset id="synset-2" partOfSpeech="n">
      <Definition>Synset definition 2</Definition>
    </Synset>
    <Synset id="synset-3" partOfSpeech="n">
      <Definition>Synset definition 3</Definition>
    </Synset>
    <Synset id="synset-4" partOfSpeech="n">
      <Definition>Synset definition 4</Definition>
    </Synset>
    <Synset id="synset-5" partOfSpeech="n">
      <Definition>Synset definition 5</Definition>
    </Synset>
    <Synset id="synset-6" partOfSpeech="n">
      <Definition>Synset definition 6</Definition>
    </Synset>
    <Synset id="synset-7" partOfSpeech="n">
      <Definition>Synset definition 7</Definition>
    </Synset>
    <Synset id="synset-8" partOfSpeech="n">
      <Definition>Synset definition 8</Definition>
    </Synset>
    <Synset id="synset-9" partOfSpeech="n">
      <Definition>Synset definition 9</Definition>
    </Synset>
    <Synset id="synset-10" partOfSpeech="n">
      <Definition>Synset definition 10</Definition>
    </Synset>
    <Synset id="synset-11" partOfSpeech="n">
      <Definition>Synset definition 11</Definition>
    </Synset>
    <Synset id="synset-12" partOfSpeech="n">
      <Definition>Synset definition 12</Definition>
    </Synset>
    <Synset id="synset-13" partOfSpeech="n">
      <Definition>Synset definition 13</Definition>
    </Synset>
    <Synset id="synset-14" partOfSpeech="n">
      <Definition>Synset definition 14</Definition>
    </Synset>
    <Synset id="synset-15" partOfSpeech="n">
      <Definition>Synset definition 15</Definition>
    </Synset>
    <Synset id="synset-16" partOfSpeech="n">
      <Definition>Synset definition 16</Definition>
    </Synset>
    <Synset id="synset-17" partOfSpeech="n">
      <Definition>Synset definition 17</Definition>
    </Synset>
    <Synset id="synset-18" partOfSpeech="n">
      <Definition>Synset definition 18</Definition>
    </Synset>
    <Synset id="synset-19" partOfSpeech="n">
      <Definition>Synset definition 19</Definition>
    </Synset>
    <Synset id="synset-20" partOfSpeech="n">
      <Definition>Synset definition 20</Definition>
    </Synset>
    <Synset id="synset-21" partOfSpeech="n">
      <Definition>Synset definition 21</Definition>
    </Synset>
    <Synset id="synset-22" partOfSpeech="n">
      <Definition>Synset definition 22</Definition>
    </Synset>
    <Synset id="synset-23" partOfSpeech="n">
      <Definition>Synset definition 23</Definition>
    </Synset>
    <Synset id="synset-24" partOfSpeech="n">
      <Definition>Synset definition 24</Definition>
    </Synset>
    <Synset id="synset-25" partOfSpeech="n">
      <Definition>Synset definition 25</Definition>
    </Synset>
    <Synset id="synset-26" partOfSpeech="n">
      <Definition>Synset definition 26</Definition>
    </Synset>
    <Synset id="synset-27" partOfSpeech="n">
      <Definition>Synset definition 27</Definition>
    </Synset>
    <Synset id="synset-28" partOfSpeech="n">
      <Definition>Synset definition 28</Definition>
    </Synset>
    <Synset id="synset-29" partOfSpeech="n">
      <Definition>Synset definition 29</Definition>
    </Synset>
    <Synset id="synset-30" partOfSpeech="n">
      <Definition>Synset definition 30</Definition>
    </Synset>
    <Synset id="synset-31" partOfSpeech="n">
      <Definition>Synset definition 31</Definition>
    </Synset>
    <Synset id="synset-32" partOfSpeech="n">
      <Definition>Synset definition 32</Definition>
    </Synset>
    <Synset id="synset-33" partOfSpeech="n">
      <Definition>Synset definition 33</Definition>
    </Synset>
    <Synset id="synset-34" partOfSpeech="n">
      <Definition>Synset definition 34</Definition>
    </Synset>
    <Synset id="synset-35" partOfSpeech="n">
      <Definition>Synset definition 35</Definition>
    </Synset>
    <Synset id="synset-36" partOfSpeech="n">
      <Definition>Synset definition 36</Definition>
    </Synset>
    <Synset id="synset-37" partOfSpeech="n">
      <Definition>Synset definition 37</Definition>
    </Synset>
    <Synset id="synset-38" partOfSpeech="n">
      <Definition>Synset definition 38</Definition>
    </Synset>
    <Synset id="synset-39" partOfSpeech="n">
      <Definition>Synset definition 39</Definition>
    </Synset>
    <Synset id="synset-40" partOfSpeech="n">
      <Definition>Synset definition 40</Definition>
    </Synset>
    <Synset id="synset-41" partOfSpeech="n">
      <Definition>Synset definition 41</Definition>
    </Synset>
    <Synset id="synset-42" partOfSpeech="n">
      <Definition>Synset definition 42</Definition>
    </Synset>
    <Synset id="synset-43" partOfSpeech="n">
      <Definition>Synset definition 43</Definition>
    </Synset>
    <Synset id="synset-44" partOfSpeech="n">
      <Definition>Synset definition 44</Definition>
    </Synset>
    <Synset id="synset-45" partOfSpeech="n">
      <Definition>Synset definition 45</Definition>
    </Synset>
    <Synset id="synset-46" partOfSpeech="n">
      <Definition>Synset definition 46</Definition>
    </Synset>
    <Synset id="synset-47" partOfSpeech="n">
      <Definition>Synset definition 47</Definition>
    </Synset>
    <Synset id="synset-48" partOfSpeech="n">
      <Definition>Synset definition 48</Definition>
    </Synset>
    <Synset id="synset-49" partOfSpeech="n">
      <Definition>Synset definition 49</Definition>
    </Synset>
    <Synset id="synset-50" partOfSpeech="n">
      <Definition>Synset definition 50</Definition>
    </Synset>
    <Synset id="synset-51" partOfSpeech="n">
      <Definition>Synset definition 51</Definition>
    </Synset>
    <Synset id="synset-52" partOfSpeech="n">
      <Definition>Synset definition 52</Definition>
    </Synset>
    <Synset id="synset-53" partOfSpeech="n">
      <Definition>Synset definition 53</Definition>
    </Synset>
    <Synset id="synset-54" partOfSpeech="n">
      <Definition>Synset definition 54</Definition>
    </Synset>
    <Synset id="synset-55" partOfSpeech="n">
      <Definition>Synset definition 55</Definition>
    </Synset>
    <Synset id="synset-56" partOfSpeech="n">
      <Definition>Synset definition 56</Definition>
    </Synset>
    <Synset id="synset-57" partOfSpeech="n">
      <Definition>Synset definition 57</Definition>
    </Synset>
    <Synset id="synset-58" partOfSpeech="n">
      <Definition>Synset definition 58</Definition>
    </Synset>
    <Synset id="synset-59" partOfSpeech="n">
      <Definition>Synset definition 59</Definition>
    </Synset>
    <Synset id="synset-60" partOfSpeech="n">
      <Definition>Synset definition 60</Definition>
    </Synset>
    <Synset id="synset-61" partOfSpeech="n">
      <Definition>Synset definition 61</Definition>
    </Synset>
    <Synset id="synset-62" partOfSpeech="n">
      <Definition>Synset definition 62</Definition>
    </Synset>
    <Synset id="synset-63" partOfSpeech="n">
      <Definition>Synset definition 63</Definition>
    </Synset>
    <Synset id="synset-64" partOfSpeech="n">
      <Definition>Synset definition 64</Definition>
    </Synset>
    <Synset id="synset-65" partOfSpeech="n">
      <Definition>Synset definition 65</Definition>
    </Synset>
    <Synset id="synset-66" partOfSpeech="n">
      <Definition>Synset definition 66</Definition>
    </Synset>
    <Synset id="synset-67" partOfSpeech="n">
      <Definition>Synset definition 67</Definition>
    </Synset>
    <Synset id="synset-68" partOfSpeech="n">
      <Definition>Synset definition 68</Definition>
    </Synset>
    <Synset id="synset-69" partOfSpeech="n">
      <Definition>Synset definition 69</Definition>
    </Synset>
    <Synset id="synset-70" partOfSpeech="n">
      <Definition>Synset definition 70</Definition>
    </Synset>
    <Synset id="synset-71" partOfSpeech="n">
      <Definition>Synset definition 71</Definition>
    </Synset>
    <Synset id="synset-72" partOfSpeech="n">
      <Definition>Synset definition 72</Definition>
    </Synset>
    <Synset id="synset-73" partOfSpeech="n">
      <Definition>Synset definition 73</Definition>
    </Synset>
    <Synset id="synset-74" partOfSpeech="n">
      <Definition>Synset definition 74</Definition>
    </Synset>
    <Synset id="synset-75" partOfSpeech="n">
      <Definition>Synset definition 75</Definition>
    </Synset>
    <Synset id="synset-76" partOfSpeech="n">
      <Definition>Synset definition 76</Definition>
    </Synset>
    <Synset id="synset-77" partOfSpeech="n">
      <Definition>Synset definition 77</Definition>
    </Synset>
    <Synset id="synset-78" partOfSpeech="n">
      <Definition>Synset definition 78</Definition>
    </Synset>
    <Synset id="synset-79" partOfSpeech="n">
      <Definition>Synset definition 79</Definition>
    </Synset>
    <Synset id="synset-80" partOfSpeech="n">
      <Definition>Synset definition 80</Definition>
    </Synset>
    <Synset id="synset-81" partOfSpeech="n">
      <Definition>Synset definition 81</Definition>
    </Synset>
    <Synset id="synset-82" partOfSpeech="n">
      <Definition>Synset definition 82</Definition>
    </Synset>
    <Synset id="synset-83" partOfSpeech="n">
      <Definition>Synset definition 83</Definition>
    </Synset>
    <Synset id="synset-84" partOfSpeech="n">
      <Definition>Synset definition 84</Definition>
    </Synset>
    <Synset id="synset-85" partOfSpeech="n">
      <Definition>Synset definition 85</Definition>
    </Synset>
    <Synset id="synset-86" partOfSpeech="n">
      <Definition>Synset definition 86</Definition>
    </Synset>
    <Synset id="synset-87" partOfSpeech="n">
      <Definition>Synset definition 87</Definition>
    </Synset>
    <Synset id="synset-88" partOfSpeech="n">
      <Definition>Synset definition 88</Definition>
    </Synset>
    <Synset id="synset-89" partOfSpeech="n">
      <Definition>Synset definition 89</Definition>
    </Synset>
    <Synset id="synset-90" partOfSpeech="n">
      <Definition>Synset definition 90</Definition>
    </Synset>
    <Synset id="synset-91" partOfSpeech="n">
      <Definition>Synset definition 91</Definition>
    </Synset>
    <Synset id="synset-92" partOfSpeech="n">
      <Definition>Synset definition 92</Definition>
    </Synset>
    <Synset id="synset-93" partOfSpeech="n">
      <Definition>Synset definition 93</Definition>
    </Synset>
    <Synset id="synset-94" partOfSpeech="n">
      <Definition>Synset definition 94</Definition>
    </Synset>
    <Synset id="synset-95" partOfSpeech="n">
      <Definition>Synset definition 95</Definition>
    </Synset>
    <Synset id="synset-96" partOfSpeech="n">
      <Definition>Synset definition 96</Definition>
    </Synset>
    <Synset id="synset-97" partOfSpeech="n">
      <Definition>Synset definition 97</Definition>
    </Synset>
    <Synset id="synset-98" partOfSpeech="n">
      <Definition>Synset definition 98</Definition>
    </Synset>
    <Synset id="synset-99" partOfSpeech="n">
      <Definition>Synset definition 99</Definition>
    </Synset>
    <Synset id="synset-100" partOfSpeech="n">
      <Definition>Synset definition 100</Definition>
    </Synset>
    <Synset id="synset-101" partOfSpeech="n">
      <Definition>Synset definition 101</Definition>
    </Synset>
    <Synset id="synset-102" partOfSpeech="n">
      <Definition>Synset definition 102</Definition>
    </Synset>
    <Synset id="synset-103" partOfSpeech="n">
      <Definition>Synset definition 103</Definition>
    </Synset>
    <Synset id="synset-104" partOfSpeech="n">
      <Definition>Synset definition 104</Definition>
    </Synset>
    <Synset id="synset-105" partOfSpeech="n">
      <Definition>Synset definition 105</Definition>
    </Synset>
    <Synset id="synset-106" partOfSpeech="n">
      <Definition>Synset definition 106</Definition>
    </Synset>
    <Synset id="synset-107" partOfSpeech="n">
      <Definition>Synset definition 107</Definition>
    </Synset>
    <Synset id="synset-108" partOfSpeech="n">
      <Definition>Synset definition 108</Definition>
    </Synset>
    <Synset id="synset-109" partOfSpeech="n">
      <Definition>Synset definition 109</Definition>
    </Synset>
    <Synset id="synset-110" partOfSpeech="n">
      <Definition>Synset definition 110</Definition>
    </Synset>
    <Synset id="synset-111" partOfSpeech="n">
      <Definition>Synset definition 111</Definition>
    </Synset>
    <Synset id="synset-112" partOfSpeech="n">
      <Definition>Synset definition 112</Definition>
    </Synset>
    <Synset id="synset-113" partOfSpeech="n">
      <Definition>Synset definition 113</Definition>
    </Synset>
    <Synset id="synset-114" partOfSpeech="n">
      <Definition>Synset definition 114</Definition>
    </Synset>
    <Synset id="synset-115" partOfSpeech="n">
      <Definition>Synset definition 115</Definition>
    </Synset>
    <Synset id="synset-116" partOfSpeech="n">
      <Definition>Synset definition 116</Definition>
    </Synset>
    <Synset id="synset-117" partOfSpeech="n">
      <Definition>Synset definition 117</Definition>
    </Synset>
    <Synset id="synset-118" partOfSpeech="n">
      <Definition>Synset definition 118</Definition>
    </Synset>
    <Synset id="synset-119" partOfSpeech="n">
      <Definition>Synset definition 119</Definition>
    </Synset>
    <Synset id="synset-120" partOfSpeech="n">
      <Definition>Synset definition 120</Definition>
    </Synset>
    <Synset id="synset-121" partOfSpeech="n">
      <Definition>Synset definition 121</Definition>
    </Synset>
    <Synset id="synset-122" partOfSpeech="n">
      <Definition>Synset definition 122</Definition>
    </Synset>
    <Synset id="synset-123" partOfSpeech="n">
      <Definition>Synset definition 123</Definition>
    </Synset>
    <Synset id="synset-124" partOfSpeech="n">
      <Definition>Synset definition 124</Definition>
    </Synset>
    <Synset id="synset-125" partOfSpeech="n">
      <Definition>Synset definition 125</Definition>
    </Synset>
    <Synset id="synset-126" partOfSpeech="n">
      <Definition>Synset definition 126</Definition>
    </Synset>
    <Synset id="synset-127" partOfSpeech="n">
      <Definition>Synset definition 127</Definition>
    </Synset>
    <Synset id="synset-128" partOfSpeech="n">
      <Definition>Synset definition 128</Definition>
    </Synset>
    <Synset id="synset-129" partOfSpeech="n">
      <Definition>Synset definition 129</Definition>
    </Synset>
    <Synset id="synset-130" partOfSpeech="n">
      <Definition>Synset definition 130</Definition>
    </Synset>
    <Synset id="synset-131" partOfSpeech="n">
      <Definition>Synset definition 131</Definition>
    </Synset>
    <Synset id="synset-132" partOfSpeech="n">
      <Definition>Synset definition 132</Definition>
    </Synset>
    <Synset id="synset-133" partOfSpeech="n">
      <Definition>Synset definition 133</Definition>
    </Synset>
    <Synset id="synset-134" partOfSpeech="n">
      <Definition>Synset definition 134</Definition>
    </Synset>
    <Synset id="synset-135" partOfSpeech="n">
      <Definition>Synset definition 135</Definition>
    </Synset>
    <Synset id="synset-136" partOfSpeech="n">
      <Definition>Synset definition 136</Definition>
    </Synset>
    <Synset id="synset-137" partOfSpeech="n">
      <Definition>Synset definition 137</Definition>
    </Synset>
    <Synset id="synset-138" partOfSpeech="n">
      <Definition>Synset definition 138</Definition>
    </Synset>
    <Synset id="synset-139" partOfSpeech="n">
      <Definition>Synset definition 139</Definition>
    </Synset>
    <Synset id="synset-140" partOfSpeech="n">
      <Definition>Synset definition 140</Definition>
    </Synset>
    <Synset id="synset-141" partOfSpeech="n">
      <Definition>Synset definition 141</Definition>
    </Synset>
    <Synset id="synset-142" partOfSpeech="n">
      <Definition>Synset definition 142</Definition>
    </Synset>
    <Synset id="synset-143" partOfSpeech="n">
      <Definition>Synset definition 143</Definition>
    </Synset>
    <Synset id="synset-144" partOfSpeech="n">
      <Definition>Synset definition 144</Definition>
    </Synset>
    <Synset id="synset-145" partOfSpeech="n">
      <Definition>Synset definition 145</Definition>
    </Synset>
    <Synset id="synset-146" partOfSpeech="n">
      <Definition>Synset definition 146</Definition>
    </Synset>
    <Synset id="synset-147" partOfSpeech="n">
      <Definition>Synset definition 147</Definition>
    </Synset>
    <Synset id="synset-148" partOfSpeech="n">
      <Definition>Synset definition 148</Definition>
    </Synset>
    <Synset id="synset-149" partOfSpeech="n">
      <Definition>Synset definition 149</Definition>
    </Synset>
    <Synset id="synset-150" partOfSpeech="n">
      <Definition>Synset definition 150</Definition>
    </Synset>
    <Synset id="synset-151" partOfSpeech="n">
      <Definition>Synset definition 151</Definition>
    </Synset>
    <Synset id="synset-152" partOfSpeech="n">
      <Definition>Synset definition 152</Definition>
    </Synset>
    <Synset id="synset-153" partOfSpeech="n">
      <Definition>Synset definition 153</Definition>
    </Synset>
    <Synset id="synset-154" partOfSpeech="n">
      <Definition>Synset definition 154</Definition>
    </Synset>
    <Synset id="synset-155" partOfSpeech="n">
      <Definition>Synset definition 155</Definition>
    </Synset>
    <Synset id="synset-156" partOfSpeech="n">
      <Definition>Synset definition 156</Definition>
    </Synset>
    <Synset id="synset-157" partOfSpeech="n">
      <Definition>Synset definition 157</Definition>
    </Synset>
    <Synset id="synset-158" partOfSpeech="n">
      <Definition>Synset definition 158</Definition>
    </Synset>
    <Synset id="synset-159" partOfSpeech="n">
      <Definition>Synset definition 159</Definition>
    </Synset>
    <Synset id="synset-160" partOfSpeech="n">
      <Definition>Synset definition 160</Definition>
    </Synset>
    <Synset id="synset-161" partOfSpeech="n">
      <Definition>Synset definition 161</Definition>
    </Synset>
    <Synset id="synset-162" partOfSpeech="n">
      <Definition>Synset definition 162</Definition>
    </Synset>
    <Synset id="synset-163" partOfSpeech="n">
      <Definition>Synset definition 163</Definition>
    </Synset>
    <Synset id="synset-164" partOfSpeech="n">
      <Definition>Synset definition 164</Definition>
    </Synset>
    <Synset id="synset-165" partOfSpeech="n">
      <Definition>Synset definition 165</Definition>
    </Synset>
    <Synset id="synset-166" partOfSpeech="n">
      <Definition>Synset definition 166</Definition>
    </Synset>
    <Synset id="synset-167" partOfSpeech="n">
      <Definition>Synset definition 167</Definition>
    </Synset>
    <Synset id="synset-168" partOfSpeech="n">
      <Definition>Synset definition 168</Definition>
    </Synset>
    <Synset id="synset-169" partOfSpeech="n">
      <Definition>Synset definition 169</Definition>
    </Synset>
    <Synset id="synset-170" partOfSpeech="n">
      <Definition>Synset definition 170</Definition>
    </Synset>
    <Synset id="synset-171" partOfSpeech="n">
      <Definition>Synset definition 171</Definition>
    </Synset>
    <Synset id="synset-172" partOfSpeech="n">
      <Definition>Synset definition 172</Definition>
    </Synset>
    <Synset id="synset-173" partOfSpeech="n">
      <Definition>Synset definition 173</Definition>
    </Synset>
    <Synset id="synset-174" partOfSpeech="n">
      <Definition>Synset definition 174</Definition>
    </Synset>
    <Synset id="synset-175" partOfSpeech="n">
      <Definition>Synset definition 175</Definition>
    </Synset>
    <Synset id="synset-176" partOfSpeech="n">
      <Definition>Synset definition 176</Definition>
    </Synset>
    <Synset id="synset-177" partOfSpeech="n">
      <Definition>Synset definition 177</Definition>
    </Synset>
    <Synset id="synset-178" partOfSpeech="n">
      <Definition>Synset definition 178</Definition>
    </Synset>
    <Synset id="synset-179" partOfSpeech="n">
      <Definition>Synset definition 179</Definition>
    </Synset>
    <Synset id="synset-180" partOfSpeech="n">
      <Definition>Synset definition 180</Definition>
    </Synset>
    <Synset id="synset-181" partOfSpeech="n">
      <Definition>Synset definition 181</Definition>
    </Synset>
    <Synset id="synset-182" partOfSpeech="n">
      <Definition>Synset definition 182</Definition>
    </Synset>
    <Synset id="synset-183" partOfSpeech="n">
      <Definition>Synset definition 183</Definition>
    </Synset>
    <Synset id="synset-184" partOfSpeech="n">
      <Definition>Synset definition 184</Definition>
    </Synset>
    <Synset id="synset-185" partOfSpeech="n">
      <Definition>Synset definition 185</Definition>
    </Synset>
    <Synset id="synset-186" partOfSpeech="n">
      <Definition>Synset definition 186</Definition>
    </Synset>
    <Synset id="synset-187" partOfSpeech="n">
      <Definition>Synset definition 187</Definition>
    </Synset>
    <Synset id="synset-188" partOfSpeech="n">
      <Definition>Synset definition 188</Definition>
    </Synset>
    <Synset id="synset-189" partOfSpeech="n">
      <Definition>Synset definition 189</Definition>
    </Synset>
    <Synset id="synset-190" partOfSpeech="n">
      <Definition>Synset definition 190</Definition>
    </Synset>
    <Synset id="synset-191" partOfSpeech="n">
      <Definition>Synset definition 191</Definition>
    </Synset>
    <Synset id="synset-192" partOfSpeech="n">
      <Definition>Synset definition 192</Definition>
    </Synset>
    <Synset id="synset-193" partOfSpeech="n">
      <Definition>Synset definition 193</Definition>
    </Synset>
    <Synset id="synset-194" partOfSpeech="n">
      <Definition>Synset definition 194</Definition>
    </Synset>
    <Synset id="synset-195" partOfSpeech="n">
      <Definition>Synset definition 195</Definition>
    </Synset>
    <Synset id="synset-196" partOfSpeech="n">
      <Definition>Synset definition 196</Definition>
    </Synset>
    <Synset id="synset-197" partOfSpeech="n">
      <Definition>Synset definition 197</Definition>
    </Synset>
    <Synset id="synset-198" partOfSpeech="n">
      <Definition>Synset definition 198</Definition>
    </Synset>
    <Synset id="synset-199" partOfSpeech="n">
      <Definition>Synset definition 199</Definition>
    </Synset>
    <Synset id="synset-200" partOfSpeech="n">
      <Definition>Synset definition 200</Definition>
    </Synset>
    <Synset id="synset-201" partOfSpeech="n">
      <Definition>Synset definition 201</Definition>
    </Synset>
    <Synset id="synset-202" partOfSpeech="n">
      <Definition>Synset definition 202</Definition>
    </Synset>
    <Synset id="synset-203" partOfSpeech="n">
      <Definition>Synset definition 203</Definition>
    </Synset>
    <Synset id="synset-204" partOfSpeech="n">
      <Definition>Synset definition 204</Definition>
    </Synset>
    <Synset id="synset-205" partOfSpeech="n">
      <Definition>Synset definition 205</Definition>
    </Synset>
    <Synset id="synset-206" partOfSpeech="n">
      <Definition>Synset definition 206</Definition>
    </Synset>
    <Synset id="synset-207" partOfSpeech="n">
      <Definition>Synset definition 207</Definition>
    </Synset>
    <Synset id="synset-208" partOfSpeech="n">
      <Definition>Synset definition 208</Definition>
    </Synset>
    <Synset id="synset-209" partOfSpeech="n">
      <Definition>Synset definition 209</Definition>
    </Synset>
    <Synset id="synset-210" partOfSpeech="n">
      <Definition>Synset definition 210</Definition>
    </Synset>
    <Synset id="synset-211" partOfSpeech="n">
      <Definition>Synset definition 211</Definition>
    </Synset>
    <Synset id="synset-212" partOfSpeech="n">
      <Definition>Synset definition 212</Definition>
    </Synset>
    <Synset id="synset-213" partOfSpeech="n">
      <Definition>Synset definition 213</Definition>
    </Synset>
    <Synset id="synset-214" partOfSpeech="n">
      <Definition>Synset definition 214</Definition>
    </Synset>
    <Synset id="synset-215" partOfSpeech="n">
      <Definition>Synset definition 215</Definition>
    </Synset>
    <Synset id="synset-216" partOfSpeech="n">
      <Definition>Synset definition 216</Definition>
    </Synset>
    <Synset id="synset-217" partOfSpeech="n">
      <Definition>Synset definition 217</Definition>
    </Synset>
    <Synset id="synset-218" partOfSpeech="n">
      <Definition>Synset definition 218</Definition>
    </Synset>
    <Synset id="synset-219" partOfSpeech="n">
      <Definition>Synset definition 219</Definition>
    </Synset>
    <Synset id="synset-220" partOfSpeech="n">
      <Definition>Synset definition 220</Definition>
    </Synset>
    <Synset id="synset-221" partOfSpeech="n">
      <Definition>Synset definition 221</Definition>
    </Synset>
    <Synset id="synset-222" partOfSpeech="n">
      <Definition>Synset definition 222</Definition>
    </Synset>
    <Synset id="synset-223" partOfSpeech="n">
      <Definition>Synset definition 223</Definition>
    </Synset>
    <Synset id="synset-224" partOfSpeech="n">
      <Definition>Synset definition 224</Definition>
    </Synset>
    <Synset id="synset-225" partOfSpeech="n">
      <Definition>Synset definition 225</Definition>
    </Synset>
    <Synset id="synset-226" partOfSpeech="n">
      <Definition>Synset definition 226</Definition>
    </Synset>
    <Synset id="synset-227" partOfSpeech="n">
      <Definition>Synset definition 227</Definition>
    </Synset>
    <Synset id="synset-228" partOfSpeech="n">
      <Definition>Synset definition 228</Definition>
    </Synset>
    <Synset id="synset-229" partOfSpeech="n">
      <Definition>Synset definition 229</Definition>
    </Synset>
    <Synset id="synset-230" partOfSpeech="n">
      <Definition>Synset definition 230</Definition>
    </Synset>
    <Synset id="synset-231" partOfSpeech="n">
      <Definition>Synset definition 231</Definition>
    </Synset>
    <Synset id="synset-232" partOfSpeech="n">
      <Definition>Synset definition 232</Definition>
    </Synset>
    <Synset id="synset-233" partOfSpeech="n">
      <Definition>Synset definition 233</Definition>
    </Synset>
    <Synset id="synset-234" partOfSpeech="n">
      <Definition>Synset definition 234</Definition>
    </Synset>
    <Synset id="synset-235" partOfSpeech="n">
      <Definition>Synset definition 235</Definition>
    </Synset>
    <Synset id="synset-236" partOfSpeech="n">
      <Definition>Synset definition 236</Definition>
    </Synset>
    <Synset id="synset-237" partOfSpeech="n">
      <Definition>Synset definition 237</Definition>
    </Synset>
    <Synset id="synset-238" partOfSpeech="n">
      <Definition>Synset definition 238</Definition>
    </Synset>
    <Synset id="synset-239" partOfSpeech="n">
      <Definition>Synset definition 239</Definition>
    </Synset>
    <Synset id="synset-240" partOfSpeech="n">
      <Definition>Synset definition 240</Definition>
    </Synset>
    <Synset id="synset-241" partOfSpeech="n">
      <Definition>Synset definition 241</Definition>
    </Synset>
    <Synset id="synset-242" partOfSpeech="n">
      <Definition>Synset definition 242</Definition>
    </Synset>
    <Synset id="synset-243" partOfSpeech="n">
      <Definition>Synset definition 243</Definition>
    </Synset>
    <Synset id="synset-244" partOfSpeech="n">
      <Definition>Synset definition 244</Definition>
    </Synset>
    <Synset id="synset-245" partOfSpeech="n">
      <Definition>Synset definition 245</Definition>
    </Synset>
    <Synset id="synset-246" partOfSpeech="n">
      <Definition>Synset definition 246</Definition>
    </Synset>
    <Synset id="synset-247" partOfSpeech="n">
      <Definition>Synset definition 247</Definition>
    </Synset>
    <Synset id="synset-248" partOfSpeech="n">
      <Definition>Synset definition 248</Definition>
    </Synset>
    <Synset id="synset-249" partOfSpeech="n">
      <Definition>Synset definition 249</Definition>
    </Synset>
    <Synset id="synset-250" partOfSpeech="n">
      <Definition>Synset definition 250</Definition>
    </Synset>
    <Synset id="synset-251" partOfSpeech="n">
      <Definition>Synset definition 251</Definition>
    </Synset>
    <Synset id="synset-252" partOfSpeech="n">
      <Definition>Synset definition 252</Definition>
    </Synset>
    <Synset id="synset-253" partOfSpeech="n">
      <Definition>Synset definition 253</Definition>
    </Synset>
    <Synset id="synset-254" partOfSpeech="n">
      <Definition>Synset definition 254</Definition>
    </Synset>
    <Synset id="synset-255" partOfSpeech="n">
      <Definition>Synset definition 255</Definition>
    </Synset>
    <Synset id="synset-256" partOfSpeech="n">
      <Definition>Synset definition 256</Definition>
    </Synset>
    <Synset id="synset-257" partOfSpeech="n">
      <Definition>Synset definition 257</Definition>
    </Synset>
    <Synset id="synset-258" partOfSpeech="n">
      <Definition>Synset definition 258</Definition>
    </Synset>
    <Synset id="synset-259" partOfSpeech="n">
      <Definition>Synset definition 259</Definition>
    </Synset>
    <Synset id="synset-260" partOfSpeech="n">
      <Definition>Synset definition 260</Definition>
    </Synset>
    <Synset id="synset-261" partOfSpeech="n">
      <Definition>Synset definition 261</Definition>
    </Synset>
    <Synset id="synset-262" partOfSpeech="n">
      <Definition>Synset definition 262</Definition>
    </Synset>
    <Synset id="synset-263" partOfSpeech="n">
      <Definition>Synset definition 263</Definition>
    </Synset>
    <Synset id="synset-264" partOfSpeech="n">
      <Definition>Synset definition 264</Definition>
    </Synset>
    <Synset id="synset-265" partOfSpeech="n">
      <Definition>Synset definition 265</Definition>
    </Synset>
    <Synset id="synset-266" partOfSpeech="n">
      <Definition>Synset definition 266</Definition>
    </Synset>
    <Synset id="synset-267" partOfSpeech="n">
      <Definition>Synset definition 267</Definition>
    </Synset>
    <Synset id="synset-268" partOfSpeech="n">
      <Definition>Synset definition 268</Definition>
    </Synset>
    <Synset id="synset-269" partOfSpeech="n">
      <Definition>Synset definition 269</Definition>
    </Synset>
    <Synset id="synset-270" partOfSpeech="n">
      <Definition>Synset definition 270</Definition>
    </Synset>
    <Synset id="synset-271" partOfSpeech="n">
      <Definition>Synset definition 271</Definition>
    </Synset>
    <Synset id="synset-272" partOfSpeech="n">
      <Definition>Synset definition 272</Definition>
    </Synset>
    <Synset id="synset-273" partOfSpeech="n">
      <Definition>Synset definition 273</Definition>
    </Synset>
    <Synset id="synset-274" partOfSpeech="n">
      <Definition>Synset definition 274</Definition>
    </Synset>
    <Synset id="synset-275" partOfSpeech="n">
      <Definition>Synset definition 275</Definition>
    </Synset>
    <Synset id="synset-276" partOfSpeech="n">
      <Definition>Synset definition 276</Definition>
    </Synset>
    <Synset id="synset-277" partOfSpeech="n">
      <Definition>Synset definition 277</Definition>
    </Synset>
    <Synset id="synset-278" partOfSpeech="n">
      <Definition>Synset definition 278</Definition>
    </Synset>
    <Synset id="synset-279" partOfSpeech="n">
      <Definition>Synset definition 279</Definition>
    </Synset>
    <Synset id="synset-280" partOfSpeech="n">
      <Definition>Synset definition 280</Definition>
    </Synset>
    <Synset id="synset-281" partOfSpeech="n">
      <Definition>Synset definition 281</Definition>
    </Synset>
    <Synset id="synset-282" partOfSpeech="n">
      <Definition>Synset definition 282</Definition>
    </Synset>
    <Synset id="synset-283" partOfSpeech="n">
      <Definition>Synset definition 283</Definition>
    </Synset>
    <Synset id="synset-284" partOfSpeech="n">
      <Definition>Synset definition 284</Definition>
    </Synset>
    <Synset id="synset-285" partOfSpeech="n">
      <Definition>Synset definition 285</Definition>
    </Synset>
    <Synset id="synset-286" partOfSpeech="n">
      <Definition>Synset definition 286</Definition>
    </Synset>
    <Synset id="synset-287" partOfSpeech="n">
      <Definition>Synset definition 287</Definition>
    </Synset>
    <Synset id="synset-288" partOfSpeech="n">
      <Definition>Synset definition 288</Definition>
    </Synset>
    <Synset id="synset-289" partOfSpeech="n">
      <Definition>Synset definition 289</Definition>
    </Synset>
    <Synset id="synset-290" partOfSpeech="n">
      <Definition>Synset definition 290</Definition>
    </Synset>
    <Synset id="synset-291" partOfSpeech="n">
      <Definition>Synset definition 291</Definition>
    </Synset>
    <Synset id="synset-292" partOfSpeech="n">
      <Definition>Synset definition 292</Definition>
    </Synset>
    <Synset id="synset-293" partOfSpeech="n">
      <Definition>Synset definition 293</Definition>
    </Synset>
    <Synset id="synset-294" partOfSpeech="n">
      <Definition>Synset definition 294</Definition>
    </Synset>
    <Synset id="synset-295" partOfSpeech="n">
      <Definition>Synset definition 295</Definition>
    </Synset>
    <Synset id="synset-296" partOfSpeech="n">
      <Definition>Synset definition 296</Definition>
    </Synset>
    <Synset id="synset-297" partOfSpeech="n">
      <Definition>Synset definition 297</Definition>
    </Synset>
    <Synset id="synset-298" partOfSpeech="n">
      <Definition>Synset definition 298</Definition>
    </Synset>
    <Synset id="synset-299" partOfSpeech="n">
      <Definition>Synset definition 299</Definition>
    </Synset>
    <Synset id="synset-300" partOfSpeech="n">
      <Definition>Synset definition 300</Definition>
    </Synset>
    <Synset id="synset-301" partOfSpeech="n">
      <Definition>Synset definition 301</Definition>
    </Synset>
    <Synset id="synset-302" partOfSpeech="n">
      <Definition>Synset definition 302</Definition>
    </Synset>
    <Synset id="synset-303" partOfSpeech="n">
      <Definition>Synset definition 303</Definition>
    </Synset>
    <Synset id="synset-304" partOfSpeech="n">
      <Definition>Synset definition 304</Definition>
    </Synset>
    <Synset id="synset-305" partOfSpeech="n">
      <Definition>Synset definition 305</Definition>
    </Synset>
    <Synset id="synset-306" partOfSpeech="n">
      <Definition>Synset definition 306</Definition>
    </Synset>
    <Synset id="synset-307" partOfSpeech="n">
      <Definition>Synset definition 307</Definition>
    </Synset>
    <Synset id="synset-308" partOfSpeech="n">
      <Definition>Synset definition 308</Definition>
    </Synset>
    <Synset id="synset-309" partOfSpeech="n">
      <Definition>Synset definition 309</Definition>
    </Synset>
    <Synset id="synset-310" partOfSpeech="n">
      <Definition>Synset definition 310</Definition>
    </Synset>
    <Synset id="synset-311" partOfSpeech="n">
      <Definition>Synset definition 311</Definition>
    </Synset>
    <Synset id="synset-312" partOfSpeech="n">
      <Definition>Synset definition 312</Definition>
    </Synset>
    <Synset id="synset-313" partOfSpeech="n">
      <Definition>Synset definition 313</Definition>
    </Synset>
    <Synset id="synset-314" partOfSpeech="n">
      <Definition>Synset definition 314</Definition>
    </Synset>
    <Synset id="synset-315" partOfSpeech="n">
      <Definition>Synset definition 315</Definition>
    </Synset>
    <Synset id="synset-316" partOfSpeech="n">
      <Definition>Synset definition 316</Definition>
    </Synset>
    <Synset id="synset-317" partOfSpeech="n">
      <Definition>Synset definition 317</Definition>
    </Synset>
    <Synset id="synset-318" partOfSpeech="n">
      <Definition>Synset definition 318</Definition>
    </Synset>
    <Synset id="synset-319" partOfSpeech="n">
      <Definition>Synset definition 319</Definition>
    </Synset>
    <Synset id="synset-320" partOfSpeech="n">
      <Definition>Synset definition 320</Definition>
    </Synset>
    <Synset id="synset-321" partOfSpeech="n">
      <Definition>Synset definition 321</Definition>
    </Synset>
    <Synset id="synset-322" partOfSpeech="n">
      <Definition>Synset definition 322</Definition>
    </Synset>
    <Synset id="synset-323" partOfSpeech="n">
      <Definition>Synset definition 323</Definition>
    </Synset>
    <Synset id="synset-324" partOfSpeech="n">
      <Definition>Synset definition 324</Definition>
    </Synset>
    <Synset id="synset-325" partOfSpeech="n">
      <Definition>Synset definition 325</Definition>
    </Synset>
    <Synset id="synset-326" partOfSpeech="n">
      <Definition>Synset definition 326</Definition>
    </Synset>
    <Synset id="synset-327" partOfSpeech="n">
      <Definition>Synset definition 327</Definition>
    </Synset>
    <Synset id="synset-328" partOfSpeech="n">
      <Definition>Synset definition 328</Definition>
    </Synset>
    <Synset id="synset-329" partOfSpeech="n">
      <Definition>Synset definition 329</Definition>
    </Synset>
    <Synset id="synset-330" partOfSpeech="n">
      <Definition>Synset definition 330</Definition>
    </Synset>
    <Synset id="synset-331" partOfSpeech="n">
      <Definition>Synset definition 331</Definition>
    </Synset>
    <Synset id="synset-332" partOfSpeech="n">
      <Definition>Synset definition 332</Definition>
    </Synset>
    <Synset id="synset-333" partOfSpeech="n">
      <Definition>Synset definition 333</Definition>
    </Synset>
    <Synset id="synset-334" partOfSpeech="n">
      <Definition>Synset definition 334</Definition>
    </Synset>
    <Synset id="synset-335" partOfSpeech="n">
      <Definition>Synset definition 335</Definition>
    </Synset>
    <Synset id="synset-336" partOfSpeech="n">
      <Definition>Synset definition 336</Definition>
    </Synset>
    <Synset id="synset-337" partOfSpeech="n">
      <Definition>Synset definition 337</Definition>
    </Synset>
    <Synset id="synset-338" partOfSpeech="n">
      <Definition>Synset definition 338</Definition>
    </Synset>
    <Synset id="synset-339" partOfSpeech="n">
      <Definition>Synset definition 339</Definition>
    </Synset>
    <Synset id="synset-340" partOfSpeech="n">
      <Definition>Synset definition 340</Definition>
    </Synset>
    <Synset id="synset-341" partOfSpeech="n">
      <Definition>Synset definition 341</Definition>
    </Synset>
    <Synset id="synset-342" partOfSpeech="n">
      <Definition>Synset definition 342</Definition>
    </Synset>
    <Synset id="synset-343" partOfSpeech="n">
      <Definition>Synset definition 343</Definition>
    </Synset>
    <Synset id="synset-344" partOfSpeech="n">
      <Definition>Synset definition 344</Definition>
    </Synset>
    <Synset id="synset-345" partOfSpeech="n">
      <Definition>Synset definition 345</Definition>
    </Synset>
    <Synset id="synset-346" partOfSpeech="n">
      <Definition>Synset definition 346</Definition>
    </Synset>
    <Synset id="synset-347" partOfSpeech="n">
      <Definition>Synset definition 347</Definition>
    </Synset>
    <Synset id="synset-348" partOfSpeech="n">
      <Definition>Synset definition 348</Definition>
    </Synset>
    <Synset id="synset-349" partOfSpeech="n">
      <Definition>Synset definition 349</Definition>
    </Synset>
    <Synset id="synset-350" partOfSpeech="n">
      <Definition>Synset definition 350</Definition>
    </Synset>
    <Synset id="synset-351" partOfSpeech="n">
      <Definition>Synset definition 351</Definition>
    </Synset>
    <Synset id="synset-352" partOfSpeech="n">
      <Definition>Synset definition 352</Definition>
    </Synset>
    <Synset id="synset-353" partOfSpeech="n">
      <Definition>Synset definition 353</Definition>
    </Synset>
    <Synset id="synset-354" partOfSpeech="n">
      <Definition>Synset definition 354</Definition>
    </Synset>
    <Synset id="synset-355" partOfSpeech="n">
      <Definition>Synset definition 355</Definition>
    </Synset>
    <Synset id="synset-356" partOfSpeech="n">
      <Definition>Synset definition 356</Definition>
    </Synset>
    <Synset id="synset-357" partOfSpeech="n">
      <Definition>Synset definition 357</Definition>
    </Synset>
    <Synset id="synset-358" partOfSpeech="n">
      <Definition>Synset definition 358</Definition>
    </Synset>
    <Synset id="synset-359" partOfSpeech="n">
      <Definition>Synset definition 359</Definition>
    </Synset>
    <Synset id="synset-360" partOfSpeech="n">
      <Definition>Synset definition 360</Definition>
    </Synset>
    <Synset id="synset-361" partOfSpeech="n">
      <Definition>Synset definition 361</Definition>
    </Synset>
    <Synset id="synset-362" partOfSpeech="n">
      <Definition>Synset definition 362</Definition>
    </Synset>
    <Synset id="synset-363" partOfSpeech="n">
      <Definition>Synset definition 363</Definition>
    </Synset>
    <Synset id="synset-364" partOfSpeech="n">
      <Definition>Synset definition 364</Definition>
    </Synset>
    <Synset id="synset-365" partOfSpeech="n">
      <Definition>Synset definition 365</Definition>
    </Synset>
    <Synset id="synset-366" partOfSpeech="n">
      <Definition>Synset definition 366</Definition>
    </Synset>
    <Synset id="synset-367" partOfSpeech="n">
      <Definition>Synset definition 367</Definition>
    </Synset>
    <Synset id="synset-368" partOfSpeech="n">
      <Definition>Synset definition 368</Definition>
    </Synset>
    <Synset id="synset-369" partOfSpeech="n">
      <Definition>Synset definition 369</Definition>
    </Synset>
    <Synset id="synset-370" partOfSpeech="n">
      <Definition>Synset definition 370</Definition>
    </Synset>
    <Synset id="synset-371" partOfSpeech="n">
      <Definition>Synset definition 371</Definition>
    </Synset>
    <Synset id="synset-372" partOfSpeech="n">
      <Definition>Synset definition 372</Definition>
    </Synset>
    <Synset id="synset-373" partOfSpeech="n">
      <Definition>Synset definition 373</Definition>
    </Synset>
    <Synset id="synset-374" partOfSpeech="n">
      <Definition>Synset definition 374</Definition>
    </Synset>
    <Synset id="synset-375" partOfSpeech="n">
      <Definition>Synset definition 375</Definition>
    </Synset>
    <Synset id="synset-376" partOfSpeech="n">
      <Definition>Synset definition 376</Definition>
    </Synset>
    <Synset id="synset-377" partOfSpeech="n">
      <Definition>Synset definition 377</Definition>
    </Synset>
    <Synset id="synset-378" partOfSpeech="n">
      <Definition>Synset definition 378</Definition>
    </Synset>
    <Synset id="synset-379" partOfSpeech="n">
      <Definition>Synset definition 379</Definition>
    </Synset>
    <Synset id="synset-380" partOfSpeech="n">
      <Definition>Synset definition 380</Definition>
    </Synset>
    <Synset id="synset-381" partOfSpeech="n">
      <Definition>Synset definition 381</Definition>
    </Synset>
    <Synset id="synset-382" partOfSpeech="n">
      <Definition>Synset definition 382</Definition>
    </Synset>
    <Synset id="synset-383" partOfSpeech="n">
      <Definition>Synset definition 383</Definition>
    </Synset>
    <Synset id="synset-384" partOfSpeech="n">
      <Definition>Synset definition 384</Definition>
    </Synset>
    <Synset id="synset-385" partOfSpeech="n">
      <Definition>Synset definition 385</Definition>
    </Synset>
    <Synset id="synset-386" partOfSpeech="n">
      <Definition>Synset definition 386</Definition>
    </Synset>
    <Synset id="synset-387" partOfSpeech="n">
      <Definition>Synset definition 387</Definition>
    </Synset>
    <Synset id="synset-388" partOfSpeech="n">
      <Definition>Synset definition 388</Definition>
    </Synset>
    <Synset id="synset-389" partOfSpeech="n">
      <Definition>Synset definition 389</Definition>
    </Synset>
    <Synset id="synset-390" partOfSpeech="n">
      <Definition>Synset definition 390</Definition>
    </Synset>
    <Synset id="synset-391" partOfSpeech="n">
      <Definition>Synset definition 391</Definition>
    </Synset>
    <Synset id="synset-392" partOfSpeech="n">
      <Definition>Synset definition 392</Definition>
    </Synset>
    <Synset id="synset-393" partOfSpeech="n">
      <Definition>Synset definition 393</Definition>
    </Synset>
    <Synset id="synset-394" partOfSpeech="n">
      <Definition>Synset definition 394</Definition>
    </Synset>
    <Synset id="synset-395" partOfSpeech="n">
      <Definition>Synset definition 395</Definition>
    </Synset>
    <Synset id="synset-396" partOfSpeech="n">
      <Definition>Synset definition 396</Definition>
    </Synset>
    <Synset id="synset-397" partOfSpeech="n">
      <Definition>Synset definition 397</Definition>
    </Synset>
    <Synset id="synset-398" partOfSpeech="n">
      <Definition>Synset definition 398</Definition>
    </Synset>
    <Synset id="synset-399" partOfSpeech="n">
      <Definition>Synset definition 399</Definition>
    </Synset>
    <Synset id="synset-400" partOfSpeech="n">
      <Definition>Synset definition 400</Definition>
    </Synset>
    <Synset id="synset-401" partOfSpeech="n">
      <Definition>Synset definition 401</Definition>
    </Synset>
    <Synset id="synset-402" partOfSpeech="n">
      <Definition>Synset definition 402</Definition>
    </Synset>
    <Synset id="synset-403" partOfSpeech="n">
      <Definition>Synset definition 403</Definition>
    </Synset>
    <Synset id="synset-404" partOfSpeech="n">
      <Definition>Synset definition 404</Definition>
    </Synset>
    <Synset id="synset-405" partOfSpeech="n">
      <Definition>Synset definition 405</Definition>
    </Synset>
    <Synset id="synset-406" partOfSpeech="n">
      <Definition>Synset definition 406</Definition>
    </Synset>
    <Synset id="synset-407" partOfSpeech="n">
      <Definition>Synset definition 407</Definition>
    </Synset>
    <Synset id="synset-408" partOfSpeech="n">
      <Definition>Synset definition 408</Definition>
    </Synset>
    <Synset id="synset-409" partOfSpeech="n">
      <Definition>Synset definition 409</Definition>
    </Synset>
    <Synset id="synset-410" partOfSpeech="n">
      <Definition>Synset definition 410</Definition>
    </Synset>
    <Synset id="synset-411" partOfSpeech="n">
      <Definition>Synset definition 411</Definition>
    </Synset>
    <Synset id="synset-412" partOfSpeech="n">
      <Definition>Synset definition 412</Definition>
    </Synset>
    <Synset id="synset-413" partOfSpeech="n">
      <Definition>Synset definition 413</Definition>
    </Synset>
    <Synset id="synset-414" partOfSpeech="n">
      <Definition>Synset definition 414</Definition>
    </Synset>
    <Synset id="synset-415" partOfSpeech="n">
      <Definition>Synset definition 415</Definition>
    </Synset>
    <Synset id="synset-416" partOfSpeech="n">
      <Definition>Synset definition 416</Definition>
    </Synset>
    <Synset id="synset-417" partOfSpeech="n">
      <Definition>Synset definition 417</Definition>
    </Synset>
    <Synset id="synset-418" partOfSpeech="n">
      <Definition>Synset definition 418</Definition>
    </Synset>
    <Synset id="synset-419" partOfSpeech="n">
      <Definition>Synset definition 419</Definition>
    </Synset>
    <Synset id="synset-420" partOfSpeech="n">
      <Definition>Synset definition 420</Definition>
    </Synset>
    <Synset id="synset-421" partOfSpeech="n">
      <Definition>Synset definition 421</Definition>
    </Synset>
    <Synset id="synset-422" partOfSpeech="n">
      <Definition>Synset definition 422</Definition>
    </Synset>
    <Synset id="synset-423" partOfSpeech="n">
      <Definition>Synset definition 423</Definition>
    </Synset>
    <Synset id="synset-424" partOfSpeech="n">
      <Definition>Synset definition 424</Definition>
    </Synset>
    <Synset id="synset-425" partOfSpeech="n">
      <Definition>Synset definition 425</Definition>
    </Synset>
    <Synset id="synset-426" partOfSpeech="n">
      <Definition>Synset definition 426</Definition>
    </Synset>
    <Synset id="synset-427" partOfSpeech="n">
      <Definition>Synset definition 427</Definition>
    </Synset>
    <Synset id="synset-428" partOfSpeech="n">
      <Definition>Synset definition 428</Definition>
    </Synset>
    <Synset id="synset-429" partOfSpeech="n">
      <Definition>Synset definition 429</Definition>
    </Synset>
    <Synset id="synset-430" partOfSpeech="n">
      <Definition>Synset definition 430</Definition>
    </Synset>
    <Synset id="synset-431" partOfSpeech="n">
      <Definition>Synset definition 431</Definition>
    </Synset>
    <Synset id="synset-432" partOfSpeech="n">
      <Definition>Synset definition 432</Definition>
    </Synset>
    <Synset id="synset-433" partOfSpeech="n">
      <Definition>Synset definition 433</Definition>
    </Synset>
    <Synset id="synset-434" partOfSpeech="n">
      <Definition>Synset definition 434</Definition>
    </Synset>
    <Synset id="synset-435" partOfSpeech="n">
      <Definition>Synset definition 435</Definition>
    </Synset>
    <Synset id="synset-436" partOfSpeech="n">
      <Definition>Synset definition 436</Definition>
    </Synset>
    <Synset id="synset-437" partOfSpeech="n">
      <Definition>Synset definition 437</Definition>
    </Synset>
    <Synset id="synset-438" partOfSpeech="n">
      <Definition>Synset definition 438</Definition>
    </Synset>
    <Synset id="synset-439" partOfSpeech="n">
      <Definition>Synset definition 439</Definition>
    </Synset>
    <Synset id="synset-440" partOfSpeech="n">
      <Definition>Synset definition 440</Definition>
    </Synset>
    <Synset id="synset-441" partOfSpeech="n">
      <Definition>Synset definition 441</Definition>
    </Synset>
    <Synset id="synset-442" partOfSpeech="n">
      <Definition>Synset definition 442</Definition>
    </Synset>
    <Synset id="synset-443" partOfSpeech="n">
      <Definition>Synset definition 443</Definition>
    </Synset>
    <Synset id="synset-444" partOfSpeech="n">
      <Definition>Synset definition 444</Definition>
    </Synset>
    <Synset id="synset-445" partOfSpeech="n">
      <Definition>Synset definition 445</Definition>
    </Synset>
    <Synset id="synset-446" partOfSpeech="n">
      <Definition>Synset definition 446</Definition>
    </Synset>
    <Synset id="synset-447" partOfSpeech="n">
      <Definition>Synset definition 447</Definition>
    </Synset>
    <Synset id="synset-448" partOfSpeech="n">
      <Definition>Synset definition 448</Definition>
    </Synset>
    <Synset id="synset-449" partOfSpeech="n">
      <Definition>Synset definition 449</Definition>
    </Synset>
    <Synset id="synset-450" partOfSpeech="n">
      <Definition>Synset definition 450</Definition>
    </Synset>
    <Synset id="synset-451" partOfSpeech="n">
      <Definition>Synset definition 451</Definition>
    </Synset>
    <Synset id="synset-452" partOfSpeech="n">
      <Definition>Synset definition 452</Definition>
    </Synset>
    <Synset id="synset-453" partOfSpeech="n">
      <Definition>Synset definition 453</Definition>
    </Synset>
    <Synset id="synset-454" partOfSpeech="n">
      <Definition>Synset definition 454</Definition>
    </Synset>
    <Synset id="synset-455" partOfSpeech="n">
      <Definition>Synset definition 455</Definition>
    </Synset>
    <Synset id="synset-456" partOfSpeech="n">
      <Definition>Synset definition 456</Definition>
    </Synset>
    <Synset id="synset-457" partOfSpeech="n">
      <Definition>Synset definition 457</Definition>
    </Synset>
    <Synset id="synset-458" partOfSpeech="n">
      <Definition>Synset definition 458</Definition>
    </Synset>
    <Synset id="synset-459" partOfSpeech="n">
      <Definition>Synset definition 459</Definition>
    </Synset>
    <Synset id="synset-460" partOfSpeech="n">
      <Definition>Synset definition 460</Definition>
    </Synset>
    <Synset id="synset-461" partOfSpeech="n">
      <Definition>Synset definition 461</Definition>
    </Synset>
    <Synset id="synset-462" partOfSpeech="n">
      <Definition>Synset definition 462</Definition>
    </Synset>
    <Synset id="synset-463" partOfSpeech="n">
      <Definition>Synset definition 463</Definition>
    </Synset>
    <Synset id="synset-464" partOfSpeech="n">
      <Definition>Synset definition 464</Definition>
    </Synset>
    <Synset id="synset-465" partOfSpeech="n">
      <Definition>Synset definition 465</Definition>
    </Synset>
    <Synset id="synset-466" partOfSpeech="n">
      <Definition>Synset definition 466</Definition>
    </Synset>
    <Synset id="synset-467" partOfSpeech="n">
      <Definition>Synset definition 467</Definition>
    </Synset>
    <Synset id="synset-468" partOfSpeech="n">
      <Definition>Synset definition 468</Definition>
    </Synset>
    <Synset id="synset-469" partOfSpeech="n">
      <Definition>Synset definition 469</Definition>
    </Synset>
    <Synset id="synset-470" partOfSpeech="n">
      <Definition>Synset definition 470</Definition>
    </Synset>
    <Synset id="synset-471" partOfSpeech="n">
      <Definition>Synset definition 471</Definition>
    </Synset>
    <Synset id="synset-472" partOfSpeech="n">
      <Definition>Synset definition 472</Definition>
    </Synset>
    <Synset id="synset-473" partOfSpeech="n">
      <Definition>Synset definition 473</Definition>
    </Synset>
    <Synset id="synset-474" partOfSpeech="n">
      <Definition>Synset definition 474</Definition>
    </Synset>
    <Synset id="synset-475" partOfSpeech="n">
      <Definition>Synset definition 475</Definition>
    </Synset>
    <Synset id="synset-476" partOfSpeech="n">
      <Definition>Synset definition 476</Definition>
    </Synset>
    <Synset id="synset-477" partOfSpeech="n">
      <Definition>Synset definition 477</Definition>
    </Synset>
    <Synset id="synset-478" partOfSpeech="n">
      <Definition>Synset definition 478</Definition>
    </Synset>
    <Synset id="synset-479" partOfSpeech="n">
      <Definition>Synset definition 479</Definition>
    </Synset>
    <Synset id="synset-480" partOfSpeech="n">
      <Definition>Synset definition 480</Definition>
    </Synset>
    <Synset id="synset-481" partOfSpeech="n">
      <Definition>Synset definition 481</Definition>
    </Synset>
    <Synset id="synset-482" partOfSpeech="n">
      <Definition>Synset definition 482</Definition>
    </Synset>
    <Synset id="synset-483" partOfSpeech="n">
      <Definition>Synset definition 483</Definition>
    </Synset>
    <Synset id="synset-484" partOfSpeech="n">
      <Definition>Synset definition 484</Definition>
    </Synset>
    <Synset id="synset-485" partOfSpeech="n">
      <Definition>Synset definition 485</Definition>
    </Synset>
    <Synset id="synset-486" partOfSpeech="n">
      <Definition>Synset definition 486</Definition>
    </Synset>
    <Synset id="synset-487" partOfSpeech="n">
      <Definition>Synset definition 487</Definition>
    </Synset>
    <Synset id="synset-488" partOfSpeech="n">
      <Definition>Synset definition 488</Definition>
    </Synset>
    <Synset id="synset-489" partOfSpeech="n">
      <Definition>Synset definition 489</Definition>
    </Synset>
    <Synset id="synset-490" partOfSpeech="n">
      <Definition>Synset definition 490</Definition>
    </Synset>
    <Synset id="synset-491" partOfSpeech="n">
      <Definition>Synset definition 491</Definition>
    </Synset>
    <Synset id="synset-492" partOfSpeech="n">
      <Definition>Synset definition 492</Definition>
    </Synset>
    <Synset id="synset-493" partOfSpeech="n">
      <Definition>Synset definition 493</Definition>
    </Synset>
    <Synset id="synset-494" partOfSpeech="n">
      <Definition>Synset definition 494</Definition>
    </Synset>
    <Synset id="synset-495" partOfSpeech="n">
      <Definition>Synset definition 495</Definition>
    </Synset>
    <Synset id="synset-496" partOfSpeech="n">
      <Definition>Synset definition 496</Definition>
    </Synset>
    <Synset id="synset-497" partOfSpeech="n">
      <Definition>Synset definition 497</Definition>
    </Synset>
    <Synset id="synset-498" partOfSpeech="n">
      <Definition>Synset definition 498</Definition>
    </Synset>
    <Synset id="synset-499" partOfSpeech="n">
      <Definition>Synset definition 499</Definition>
    </Synset>
    <Synset id="synset-500" partOfSpeech="n">
      <Definition>Synset definition 500</Definition>
    </Synset>
  </Lexicon>
</LexicalResource>
